-------------------------------------------------------------------------------
Test set: com.secureai.security.JwtUtilTest$TokenGeneration
-------------------------------------------------------------------------------
Tests run: 4, Failures: 1, Errors: 0, Skipped: 0, Time elapsed: 0.040 s <<< FAILURE! -- in com.secureai.security.JwtUtilTest$TokenGeneration
com.secureai.security.JwtUtilTest$TokenGeneration.sameUserGetsUniqueTokens -- Time elapsed: 0.018 s <<< FAILURE!
java.lang.AssertionError: 

Expecting actual:
  "eyJhbGciOiJIUzM4NCJ9.eyJzdWIiOiJhbGljZSIsInJvbGUiOiJVU0VSIiwiaWF0IjoxNzcxNzIzNzc4LCJleHAiOjE3NzE3MjczNzh9.yO-2WkvYb3fyUaQ8LAPM0UjZMFs3oq2MaxGtSgiAJy_wemrWsuczknpR_VJfnaah"
not to be equal to:
  "eyJhbGciOiJIUzM4NCJ9.eyJzdWIiOiJhbGljZSIsInJvbGUiOiJVU0VSIiwiaWF0IjoxNzcxNzIzNzc4LCJleHAiOjE3NzE3MjczNzh9.yO-2WkvYb3fyUaQ8LAPM0UjZMFs3oq2MaxGtSgiAJy_wemrWsuczknpR_VJfnaah"

	at com.secureai.security.JwtUtilTest$TokenGeneration.sameUserGetsUniqueTokens(JwtUtilTest.java:60)
	at java.base/java.lang.reflect.Method.invoke(Method.java:569)
	at java.base/java.util.ArrayList.forEach(ArrayList.java:1511)
	at java.base/java.util.ArrayList.forEach(ArrayList.java:1511)
	at java.base/java.util.ArrayList.forEach(ArrayList.java:1511)

