Apache Maven 3.9.12 (848fbb4bf2d427b72bdb2471c22fced7ebd9a7a1)
Maven home: /opt/homebrew/Cellar/maven/3.9.12/libexec
Java version: 17.0.17, vendor: Microsoft, runtime: /Users/ashaik/Library/Java/JavaVirtualMachines/ms-17.0.17/Contents/Home
Default locale: en_IE, platform encoding: UTF-8
OS name: "mac os x", version: "26.2", arch: "aarch64", family: "mac"
[DEBUG] Created new class realm maven.api
[DEBUG] Importing foreign packages into class realm maven.api
[DEBUG]   Imported: javax.annotation.* < plexus.core
[DEBUG]   Imported: javax.annotation.security.* < plexus.core
[DEBUG]   Imported: javax.inject.* < plexus.core
[DEBUG]   Imported: org.apache.maven.* < plexus.core
[DEBUG]   Imported: org.apache.maven.artifact < plexus.core
[DEBUG]   Imported: org.apache.maven.classrealm < plexus.core
[DEBUG]   Imported: org.apache.maven.cli < plexus.core
[DEBUG]   Imported: org.apache.maven.configuration < plexus.core
[DEBUG]   Imported: org.apache.maven.exception < plexus.core
[DEBUG]   Imported: org.apache.maven.execution < plexus.core
[DEBUG]   Imported: org.apache.maven.execution.scope < plexus.core
[DEBUG]   Imported: org.apache.maven.graph < plexus.core
[DEBUG]   Imported: org.apache.maven.lifecycle < plexus.core
[DEBUG]   Imported: org.apache.maven.model < plexus.core
[DEBUG]   Imported: org.apache.maven.monitor < plexus.core
[DEBUG]   Imported: org.apache.maven.plugin < plexus.core
[DEBUG]   Imported: org.apache.maven.profiles < plexus.core
[DEBUG]   Imported: org.apache.maven.project < plexus.core
[DEBUG]   Imported: org.apache.maven.reporting < plexus.core
[DEBUG]   Imported: org.apache.maven.repository < plexus.core
[DEBUG]   Imported: org.apache.maven.rtinfo < plexus.core
[DEBUG]   Imported: org.apache.maven.settings < plexus.core
[DEBUG]   Imported: org.apache.maven.toolchain < plexus.core
[DEBUG]   Imported: org.apache.maven.usability < plexus.core
[DEBUG]   Imported: org.apache.maven.wagon.* < plexus.core
[DEBUG]   Imported: org.apache.maven.wagon.authentication < plexus.core
[DEBUG]   Imported: org.apache.maven.wagon.authorization < plexus.core
[DEBUG]   Imported: org.apache.maven.wagon.events < plexus.core
[DEBUG]   Imported: org.apache.maven.wagon.observers < plexus.core
[DEBUG]   Imported: org.apache.maven.wagon.proxy < plexus.core
[DEBUG]   Imported: org.apache.maven.wagon.repository < plexus.core
[DEBUG]   Imported: org.apache.maven.wagon.resource < plexus.core
[DEBUG]   Imported: org.codehaus.classworlds < plexus.core
[DEBUG]   Imported: org.codehaus.plexus.* < plexus.core
[DEBUG]   Imported: org.codehaus.plexus.classworlds < plexus.core
[DEBUG]   Imported: org.codehaus.plexus.component < plexus.core
[DEBUG]   Imported: org.codehaus.plexus.configuration < plexus.core
[DEBUG]   Imported: org.codehaus.plexus.container < plexus.core
[DEBUG]   Imported: org.codehaus.plexus.context < plexus.core
[DEBUG]   Imported: org.codehaus.plexus.lifecycle < plexus.core
[DEBUG]   Imported: org.codehaus.plexus.logging < plexus.core
[DEBUG]   Imported: org.codehaus.plexus.personality < plexus.core
[DEBUG]   Imported: org.codehaus.plexus.util.xml.Xpp3Dom < plexus.core
[DEBUG]   Imported: org.codehaus.plexus.util.xml.pull.XmlPullParser < plexus.core
[DEBUG]   Imported: org.codehaus.plexus.util.xml.pull.XmlPullParserException < plexus.core
[DEBUG]   Imported: org.codehaus.plexus.util.xml.pull.XmlSerializer < plexus.core
[DEBUG]   Imported: org.eclipse.aether.* < plexus.core
[DEBUG]   Imported: org.eclipse.aether.artifact < plexus.core
[DEBUG]   Imported: org.eclipse.aether.collection < plexus.core
[DEBUG]   Imported: org.eclipse.aether.deployment < plexus.core
[DEBUG]   Imported: org.eclipse.aether.graph < plexus.core
[DEBUG]   Imported: org.eclipse.aether.impl < plexus.core
[DEBUG]   Imported: org.eclipse.aether.installation < plexus.core
[DEBUG]   Imported: org.eclipse.aether.internal.impl < plexus.core
[DEBUG]   Imported: org.eclipse.aether.metadata < plexus.core
[DEBUG]   Imported: org.eclipse.aether.repository < plexus.core
[DEBUG]   Imported: org.eclipse.aether.resolution < plexus.core
[DEBUG]   Imported: org.eclipse.aether.spi < plexus.core
[DEBUG]   Imported: org.eclipse.aether.transfer < plexus.core
[DEBUG]   Imported: org.eclipse.aether.util < plexus.core
[DEBUG]   Imported: org.eclipse.aether.version < plexus.core
[DEBUG]   Imported: org.fusesource.jansi.* < plexus.core
[DEBUG]   Imported: org.slf4j.* < plexus.core
[DEBUG]   Imported: org.slf4j.event.* < plexus.core
[DEBUG]   Imported: org.slf4j.helpers.* < plexus.core
[DEBUG]   Imported: org.slf4j.spi.* < plexus.core
[DEBUG] Populating class realm maven.api
[DEBUG] Created adapter factory; available factories [file-lock, rwlock-local, semaphore-local, noop]; available name mappers [discriminating, file-gaecv, file-gav, file-hgaecv, file-hgav, file-static, gaecv, gav, static]
[INFO] Error stacktraces are turned on.
[DEBUG] Message scheme: color
[DEBUG] Message styles: debug info warning error success failure strong mojo project
[DEBUG] Reading global settings from /opt/homebrew/Cellar/maven/3.9.12/libexec/conf/settings.xml
[DEBUG] Reading user settings from /Users/ashaik/.m2/settings.xml
[DEBUG] Reading global toolchains from /opt/homebrew/Cellar/maven/3.9.12/libexec/conf/toolchains.xml
[DEBUG] Reading user toolchains from /Users/ashaik/.m2/toolchains.xml
[DEBUG] Using local repository at /Users/ashaik/.m2/repository
[DEBUG] Using manager EnhancedLocalRepositoryManager with priority 10.0 for /Users/ashaik/.m2/repository
[INFO] Scanning for projects...
[DEBUG] Creating adapter using nameMapper 'gaecv' and factory 'rwlock-local'
[DEBUG] Extension realms for project com.secureai:secure-ai-gateway:jar:1.0.0: (none)
[DEBUG] Looking up lifecycle mappings for packaging jar from ClassRealm[plexus.core, parent: null]
[DEBUG] Extension realms for project org.springframework.boot:spring-boot-starter-parent:pom:3.2.2: (none)
[DEBUG] Looking up lifecycle mappings for packaging pom from ClassRealm[plexus.core, parent: null]
[DEBUG] Extension realms for project org.springframework.boot:spring-boot-dependencies:pom:3.2.2: (none)
[DEBUG] Looking up lifecycle mappings for packaging pom from ClassRealm[plexus.core, parent: null]
[DEBUG] === REACTOR BUILD PLAN ================================================
[DEBUG] Project: com.secureai:secure-ai-gateway:jar:1.0.0
[DEBUG] Tasks:   [clean, compile]
[DEBUG] Style:   Regular
[DEBUG] =======================================================================
[INFO]
[INFO] -------------------< com.secureai:secure-ai-gateway >-------------------
[INFO] Building Secure AI Gateway 1.0.0
[INFO]   from pom.xml
[INFO] --------------------------------[ jar ]---------------------------------
[DEBUG] Lifecycle clean -> [pre-clean, clean, post-clean]
[DEBUG] Lifecycle default -> [validate, initialize, generate-sources, process-sources, generate-resources, process-resources, compile, process-classes, generate-test-sources, process-test-sources, generate-test-resources, process-test-resources, test-compile, process-test-classes, test, prepare-package, package, pre-integration-test, integration-test, post-integration-test, verify, install, deploy]
[DEBUG] Lifecycle site -> [pre-site, site, post-site, site-deploy]
[DEBUG] Lifecycle clean -> [pre-clean, clean, post-clean]
[DEBUG] Lifecycle default -> [validate, initialize, generate-sources, process-sources, generate-resources, process-resources, compile, process-classes, generate-test-sources, process-test-sources, generate-test-resources, process-test-resources, test-compile, process-test-classes, test, prepare-package, package, pre-integration-test, integration-test, post-integration-test, verify, install, deploy]
[DEBUG] Lifecycle site -> [pre-site, site, post-site, site-deploy]
[DEBUG] Lifecycle clean -> [pre-clean, clean, post-clean]
[DEBUG] Lifecycle default -> [validate, initialize, generate-sources, process-sources, generate-resources, process-resources, compile, process-classes, generate-test-sources, process-test-sources, generate-test-resources, process-test-resources, test-compile, process-test-classes, test, prepare-package, package, pre-integration-test, integration-test, post-integration-test, verify, install, deploy]
[DEBUG] Lifecycle site -> [pre-site, site, post-site, site-deploy]
[DEBUG] Lifecycle clean -> [pre-clean, clean, post-clean]
[DEBUG] Lifecycle default -> [validate, initialize, generate-sources, process-sources, generate-resources, process-resources, compile, process-classes, generate-test-sources, process-test-sources, generate-test-resources, process-test-resources, test-compile, process-test-classes, test, prepare-package, package, pre-integration-test, integration-test, post-integration-test, verify, install, deploy]
[DEBUG] Lifecycle site -> [pre-site, site, post-site, site-deploy]
[DEBUG] Lifecycle clean -> [pre-clean, clean, post-clean]
[DEBUG] Lifecycle default -> [validate, initialize, generate-sources, process-sources, generate-resources, process-resources, compile, process-classes, generate-test-sources, process-test-sources, generate-test-resources, process-test-resources, test-compile, process-test-classes, test, prepare-package, package, pre-integration-test, integration-test, post-integration-test, verify, install, deploy]
[DEBUG] Lifecycle site -> [pre-site, site, post-site, site-deploy]
[DEBUG] Lifecycle clean -> [pre-clean, clean, post-clean]
[DEBUG] Lifecycle default -> [validate, initialize, generate-sources, process-sources, generate-resources, process-resources, compile, process-classes, generate-test-sources, process-test-sources, generate-test-resources, process-test-resources, test-compile, process-test-classes, test, prepare-package, package, pre-integration-test, integration-test, post-integration-test, verify, install, deploy]
[DEBUG] Lifecycle site -> [pre-site, site, post-site, site-deploy]
[DEBUG] === PROJECT BUILD PLAN ================================================
[DEBUG] Project:       com.secureai:secure-ai-gateway:1.0.0
[DEBUG] Dependencies (collect): []
[DEBUG] Dependencies (resolve): [compile, runtime]
[DEBUG] Repositories (dependencies): [central (https://repo.maven.apache.org/maven2, default, releases)]
[DEBUG] Repositories (plugins)     : [central (https://repo.maven.apache.org/maven2, default, releases)]
[DEBUG] -----------------------------------------------------------------------
[DEBUG] Goal:          org.apache.maven.plugins:maven-clean-plugin:3.3.2:clean (default-clean)
[DEBUG] Style:         Regular
[DEBUG] Configuration: <?xml version="1.0" encoding="UTF-8"?>
<configuration>
  <directory default-value="${project.build.directory}"/>
  <excludeDefaultDirectories default-value="false">${maven.clean.excludeDefaultDirectories}</excludeDefaultDirectories>
  <failOnError default-value="true">${maven.clean.failOnError}</failOnError>
  <fast default-value="false">${maven.clean.fast}</fast>
  <fastDir>${maven.clean.fastDir}</fastDir>
  <fastMode default-value="background">${maven.clean.fastMode}</fastMode>
  <followSymLinks default-value="false">${maven.clean.followSymLinks}</followSymLinks>
  <outputDirectory default-value="${project.build.outputDirectory}"/>
  <reportDirectory default-value="${project.build.outputDirectory}"/>
  <retryOnError default-value="true">${maven.clean.retryOnError}</retryOnError>
  <session default-value="${session}"/>
  <skip default-value="false">${maven.clean.skip}</skip>
  <testOutputDirectory default-value="${project.build.testOutputDirectory}"/>
  <verbose>${maven.clean.verbose}</verbose>
</configuration>
[DEBUG] -----------------------------------------------------------------------
[DEBUG] Goal:          org.jacoco:jacoco-maven-plugin:0.8.11:prepare-agent (prepare-agent)
[DEBUG] Style:         Regular
[DEBUG] Configuration: <?xml version="1.0" encoding="UTF-8"?>
<configuration>
  <address>${jacoco.address}</address>
  <append>${jacoco.append}</append>
  <classDumpDir>${jacoco.classDumpDir}</classDumpDir>
  <destFile default-value="${project.build.directory}/jacoco.exec">${jacoco.destFile}</destFile>
  <dumpOnExit>${jacoco.dumpOnExit}</dumpOnExit>
  <exclClassLoaders>${jacoco.exclClassLoaders}</exclClassLoaders>
  <inclBootstrapClasses>${jacoco.inclBootstrapClasses}</inclBootstrapClasses>
  <inclNoLocationClasses>${jacoco.inclNoLocationClasses}</inclNoLocationClasses>
  <jmx>${jacoco.jmx}</jmx>
  <output>${jacoco.output}</output>
  <pluginArtifactMap>${plugin.artifactMap}</pluginArtifactMap>
  <port>${jacoco.port}</port>
  <project>${project}</project>
  <propertyName>${jacoco.propertyName}</propertyName>
  <sessionId>${jacoco.sessionId}</sessionId>
  <skip default-value="false">${jacoco.skip}</skip>
</configuration>
[DEBUG] -----------------------------------------------------------------------
[DEBUG] Goal:          org.apache.maven.plugins:maven-resources-plugin:3.3.1:resources (default-resources)
[DEBUG] Style:         Regular
[DEBUG] Configuration: <?xml version="1.0" encoding="UTF-8"?>
<configuration>
  <addDefaultExcludes default-value="true"/>
  <buildFilters default-value="${project.build.filters}"/>
  <delimiters>
    <delimiter>@</delimiter>
  </delimiters>
  <encoding default-value="${project.build.sourceEncoding}"/>
  <escapeWindowsPaths default-value="true"/>
  <fileNameFiltering default-value="false"/>
  <includeEmptyDirs default-value="false"/>
  <outputDirectory default-value="${project.build.outputDirectory}"/>
  <overwrite default-value="false"/>
  <project default-value="${project}"/>
  <propertiesEncoding>UTF-8</propertiesEncoding>
  <resources default-value="${project.resources}"/>
  <session default-value="${session}"/>
  <skip default-value="false">${maven.resources.skip}</skip>
  <supportMultiLineFiltering default-value="false"/>
  <useBuildFilters default-value="true"/>
  <useDefaultDelimiters default-value="true">false</useDefaultDelimiters>
</configuration>
[DEBUG] -----------------------------------------------------------------------
[DEBUG] Goal:          org.apache.maven.plugins:maven-compiler-plugin:3.11.0:compile (default-compile)
[DEBUG] Style:         Regular
[DEBUG] Configuration: <?xml version="1.0" encoding="UTF-8"?>
<configuration>
  <annotationProcessorPaths>
    <path>
      <groupId>org.projectlombok</groupId>
      <artifactId>lombok</artifactId>
      <version>1.18.30</version>
    </path>
  </annotationProcessorPaths>
  <basedir default-value="${basedir}"/>
  <buildDirectory default-value="${project.build.directory}"/>
  <compilePath default-value="${project.compileClasspathElements}"/>
  <compileSourceRoots default-value="${project.compileSourceRoots}"/>
  <compilerId default-value="javac">${maven.compiler.compilerId}</compilerId>
  <compilerReuseStrategy default-value="${reuseCreated}">${maven.compiler.compilerReuseStrategy}</compilerReuseStrategy>
  <compilerVersion>${maven.compiler.compilerVersion}</compilerVersion>
  <createMissingPackageInfoClass default-value="true">${maven.compiler.createMissingPackageInfoClass}</createMissingPackageInfoClass>
  <debug default-value="true">${maven.compiler.debug}</debug>
  <debugFileName default-value="javac"/>
  <debuglevel>${maven.compiler.debuglevel}</debuglevel>
  <enablePreview default-value="false">${maven.compiler.enablePreview}</enablePreview>
  <encoding default-value="${project.build.sourceEncoding}">${encoding}</encoding>
  <executable>${maven.compiler.executable}</executable>
  <failOnError default-value="true">${maven.compiler.failOnError}</failOnError>
  <failOnWarning default-value="false">${maven.compiler.failOnWarning}</failOnWarning>
  <forceJavacCompilerUse default-value="false">${maven.compiler.forceJavacCompilerUse}</forceJavacCompilerUse>
  <fork default-value="false">${maven.compiler.fork}</fork>
  <generatedSourcesDirectory default-value="${project.build.directory}/generated-sources/annotations"/>
  <implicit>${maven.compiler.implicit}</implicit>
  <maxmem>${maven.compiler.maxmem}</maxmem>
  <meminitial>${maven.compiler.meminitial}</meminitial>
  <mojoExecution default-value="${mojoExecution}"/>
  <optimize default-value="false">${maven.compiler.optimize}</optimize>
  <outputDirectory default-value="${project.build.outputDirectory}"/>
  <parameters default-value="false">true</parameters>
  <project default-value="${project}"/>
  <projectArtifact default-value="${project.artifact}"/>
  <release>${maven.compiler.release}</release>
  <session default-value="${session}"/>
  <showCompilationChanges default-value="false">${maven.compiler.showCompilationChanges}</showCompilationChanges>
  <showDeprecation default-value="false">${maven.compiler.showDeprecation}</showDeprecation>
  <showWarnings default-value="true">${maven.compiler.showWarnings}</showWarnings>
  <skipMain>${maven.main.skip}</skipMain>
  <skipMultiThreadWarning default-value="false">${maven.compiler.skipMultiThreadWarning}</skipMultiThreadWarning>
  <source default-value="1.8">17</source>
  <staleMillis default-value="0">${lastModGranularityMs}</staleMillis>
  <target default-value="1.8">17</target>
  <useIncrementalCompilation default-value="true">${maven.compiler.useIncrementalCompilation}</useIncrementalCompilation>
  <verbose default-value="false">${maven.compiler.verbose}</verbose>
</configuration>
[DEBUG] =======================================================================
[DEBUG] Using mirror maven-default-http-blocker (http://0.0.0.0/) for ow2-snapshot (http://repository.ow2.org/nexus/content/repositories/snapshots).
[DEBUG] Using mirror maven-default-http-blocker (http://0.0.0.0/) for vaadin-snapshots (http://oss.sonatype.org/content/repositories/vaadin-snapshots/).
[DEBUG] Using mirror maven-default-http-blocker (http://0.0.0.0/) for vaadin-releases (http://oss.sonatype.org/content/repositories/vaadin-releases/).
[DEBUG] Dependency collection stats {ConflictMarker.analyzeTime=700208, ConflictMarker.markTime=265958, ConflictMarker.nodeCount=298, ConflictIdSorter.graphTime=398916, ConflictIdSorter.topsortTime=159542, ConflictIdSorter.conflictIdCount=121, ConflictIdSorter.conflictIdCycleCount=0, ConflictResolver.totalTime=8158042, ConflictResolver.conflictItemCount=261, DfDependencyCollector.collectTime=185080542, DfDependencyCollector.transformTime=10556875}
[DEBUG] com.secureai:secure-ai-gateway:jar:1.0.0
[DEBUG]    org.springframework.boot:spring-boot-starter-web:jar:3.2.2:compile
[DEBUG]       org.springframework.boot:spring-boot-starter:jar:3.2.2:compile (version managed from 3.2.2)
[DEBUG]          org.springframework.boot:spring-boot:jar:3.2.2:compile (version managed from 3.2.2)
[DEBUG]          org.springframework.boot:spring-boot-autoconfigure:jar:3.2.2:compile (version managed from 3.2.2)
[DEBUG]          org.springframework.boot:spring-boot-starter-logging:jar:3.2.2:compile (version managed from 3.2.2)
[DEBUG]             ch.qos.logback:logback-classic:jar:1.4.14:compile (version managed from 1.4.14)
[DEBUG]                ch.qos.logback:logback-core:jar:1.4.14:compile (version managed from 1.4.14)
[DEBUG]             org.apache.logging.log4j:log4j-to-slf4j:jar:2.21.1:compile (version managed from 2.21.1)
[DEBUG]                org.apache.logging.log4j:log4j-api:jar:2.21.1:compile (version managed from 2.21.1)
[DEBUG]             org.slf4j:jul-to-slf4j:jar:2.0.11:compile (version managed from 2.0.11)
[DEBUG]          jakarta.annotation:jakarta.annotation-api:jar:2.1.1:compile (version managed from 2.1.1)
[DEBUG]          org.yaml:snakeyaml:jar:2.2:compile (version managed from 2.2)
[DEBUG]       org.springframework.boot:spring-boot-starter-json:jar:3.2.2:compile (version managed from 3.2.2)
[DEBUG]          com.fasterxml.jackson.datatype:jackson-datatype-jdk8:jar:2.15.3:compile (version managed from 2.15.3)
[DEBUG]          com.fasterxml.jackson.datatype:jackson-datatype-jsr310:jar:2.15.3:compile (version managed from 2.15.3)
[DEBUG]          com.fasterxml.jackson.module:jackson-module-parameter-names:jar:2.15.3:compile (version managed from 2.15.3)
[DEBUG]       org.springframework.boot:spring-boot-starter-tomcat:jar:3.2.2:compile (version managed from 3.2.2)
[DEBUG]          org.apache.tomcat.embed:tomcat-embed-core:jar:10.1.18:compile (version managed from 10.1.18)
[DEBUG]          org.apache.tomcat.embed:tomcat-embed-websocket:jar:10.1.18:compile (version managed from 10.1.18)
[DEBUG]       org.springframework:spring-web:jar:6.1.3:compile (version managed from 6.1.3)
[DEBUG]          org.springframework:spring-beans:jar:6.1.3:compile (version managed from 6.1.3)
[DEBUG]       org.springframework:spring-webmvc:jar:6.1.3:compile (version managed from 6.1.3)
[DEBUG]          org.springframework:spring-context:jar:6.1.3:compile (version managed from 6.1.3)
[DEBUG]          org.springframework:spring-expression:jar:6.1.3:compile (version managed from 6.1.3)
[DEBUG]    org.springframework.boot:spring-boot-starter-validation:jar:3.2.2:compile
[DEBUG]       org.apache.tomcat.embed:tomcat-embed-el:jar:10.1.18:compile (version managed from 10.1.18)
[DEBUG]       org.hibernate.validator:hibernate-validator:jar:8.0.1.Final:compile (version managed from 8.0.1.Final)
[DEBUG]          jakarta.validation:jakarta.validation-api:jar:3.0.2:compile (version managed from 3.0.2)
[DEBUG]          org.jboss.logging:jboss-logging:jar:3.5.3.Final:compile (version managed from 3.4.3.Final)
[DEBUG]          com.fasterxml:classmate:jar:1.6.0:compile (version managed from 1.5.1)
[DEBUG]    org.springframework.boot:spring-boot-starter-security:jar:3.2.2:compile
[DEBUG]       org.springframework:spring-aop:jar:6.1.3:compile (version managed from 6.1.3)
[DEBUG]       org.springframework.security:spring-security-config:jar:6.2.1:compile (version managed from 6.2.1)
[DEBUG]       org.springframework.security:spring-security-web:jar:6.2.1:compile (version managed from 6.2.1)
[DEBUG]    org.springframework.boot:spring-boot-starter-data-jpa:jar:3.2.2:compile
[DEBUG]       org.springframework.boot:spring-boot-starter-aop:jar:3.2.2:compile (version managed from 3.2.2)
[DEBUG]          org.aspectj:aspectjweaver:jar:1.9.21:compile (version managed from 1.9.21)
[DEBUG]       org.springframework.boot:spring-boot-starter-jdbc:jar:3.2.2:compile (version managed from 3.2.2)
[DEBUG]          com.zaxxer:HikariCP:jar:5.0.1:compile (version managed from 5.0.1)
[DEBUG]          org.springframework:spring-jdbc:jar:6.1.3:compile (version managed from 6.1.3)
[DEBUG]       org.hibernate.orm:hibernate-core:jar:6.4.1.Final:compile (version managed from 6.4.1.Final)
[DEBUG]          jakarta.persistence:jakarta.persistence-api:jar:3.1.0:compile (version managed from 3.1.0)
[DEBUG]          jakarta.transaction:jakarta.transaction-api:jar:2.0.1:compile (version managed from 2.0.1)
[DEBUG]          org.hibernate.common:hibernate-commons-annotations:jar:6.0.6.Final:runtime
[DEBUG]          io.smallrye:jandex:jar:3.1.2:runtime
[DEBUG]          org.glassfish.jaxb:jaxb-runtime:jar:4.0.4:runtime (version managed from 4.0.2)
[DEBUG]             org.glassfish.jaxb:jaxb-core:jar:4.0.4:runtime (version managed from 4.0.4)
[DEBUG]                org.eclipse.angus:angus-activation:jar:2.0.1:runtime (version managed from 2.0.1)
[DEBUG]                org.glassfish.jaxb:txw2:jar:4.0.4:runtime (version managed from 4.0.4)
[DEBUG]                com.sun.istack:istack-commons-runtime:jar:4.1.2:runtime (version managed from 4.1.2)
[DEBUG]          jakarta.inject:jakarta.inject-api:jar:2.0.1:runtime
[DEBUG]          org.antlr:antlr4-runtime:jar:4.13.0:compile
[DEBUG]       org.springframework.data:spring-data-jpa:jar:3.2.2:compile (version managed from 3.2.2)
[DEBUG]          org.springframework.data:spring-data-commons:jar:3.2.2:compile (version managed from 3.2.2)
[DEBUG]          org.springframework:spring-orm:jar:6.1.3:compile (version managed from 6.1.3)
[DEBUG]          org.springframework:spring-tx:jar:6.1.3:compile (version managed from 6.1.3)
[DEBUG]          org.slf4j:slf4j-api:jar:2.0.11:compile (version managed from 2.0.2)
[DEBUG]       org.springframework:spring-aspects:jar:6.1.3:compile (version managed from 6.1.3)
[DEBUG]    org.springframework.boot:spring-boot-starter-actuator:jar:3.2.2:compile
[DEBUG]       org.springframework.boot:spring-boot-actuator-autoconfigure:jar:3.2.2:compile (version managed from 3.2.2)
[DEBUG]          org.springframework.boot:spring-boot-actuator:jar:3.2.2:compile (version managed from 3.2.2)
[DEBUG]       io.micrometer:micrometer-observation:jar:1.12.2:compile (version managed from 1.12.2)
[DEBUG]          io.micrometer:micrometer-commons:jar:1.12.2:compile (version managed from 1.12.2)
[DEBUG]       io.micrometer:micrometer-jakarta9:jar:1.12.2:compile (version managed from 1.12.2)
[DEBUG]          io.micrometer:micrometer-core:jar:1.12.2:compile (version managed from 1.12.2)
[DEBUG]             org.hdrhistogram:HdrHistogram:jar:2.1.12:runtime
[DEBUG]             org.latencyutils:LatencyUtils:jar:2.0.3:runtime
[DEBUG]    org.springframework.boot:spring-boot-starter-cache:jar:3.2.2:compile
[DEBUG]       org.springframework:spring-context-support:jar:6.1.3:compile (version managed from 6.1.3)
[DEBUG]    com.h2database:h2:jar:2.2.224:runtime
[DEBUG]    io.jsonwebtoken:jjwt-api:jar:0.11.5:compile
[DEBUG]    io.jsonwebtoken:jjwt-impl:jar:0.11.5:runtime
[DEBUG]    io.jsonwebtoken:jjwt-jackson:jar:0.11.5:runtime
[DEBUG]       com.fasterxml.jackson.core:jackson-databind:jar:2.15.3:compile (version managed from 2.12.6.1)
[DEBUG]          com.fasterxml.jackson.core:jackson-annotations:jar:2.15.3:compile (version managed from 2.15.3)
[DEBUG]          com.fasterxml.jackson.core:jackson-core:jar:2.15.3:compile (version managed from 2.15.3)
[DEBUG]    com.bucket4j:bucket4j-core:jar:8.7.0:compile
[DEBUG]    org.springdoc:springdoc-openapi-starter-webmvc-ui:jar:2.3.0:compile
[DEBUG]       org.springdoc:springdoc-openapi-starter-webmvc-api:jar:2.3.0:compile
[DEBUG]          org.springdoc:springdoc-openapi-starter-common:jar:2.3.0:compile
[DEBUG]             io.swagger.core.v3:swagger-core-jakarta:jar:2.2.19:compile
[DEBUG]                org.apache.commons:commons-lang3:jar:3.13.0:compile (version managed from 3.13.0)
[DEBUG]                io.swagger.core.v3:swagger-annotations-jakarta:jar:2.2.19:compile
[DEBUG]                io.swagger.core.v3:swagger-models-jakarta:jar:2.2.19:compile
[DEBUG]                com.fasterxml.jackson.dataformat:jackson-dataformat-yaml:jar:2.15.3:compile (version managed from 2.15.2)
[DEBUG]       org.webjars:swagger-ui:jar:5.10.3:compile
[DEBUG]    org.projectlombok:lombok:jar:1.18.30:compile (optional)
[DEBUG]    org.springframework.boot:spring-boot-starter-test:jar:3.2.2:test
[DEBUG]       org.springframework.boot:spring-boot-test:jar:3.2.2:test (version managed from 3.2.2)
[DEBUG]       org.springframework.boot:spring-boot-test-autoconfigure:jar:3.2.2:test (version managed from 3.2.2)
[DEBUG]       com.jayway.jsonpath:json-path:jar:2.8.0:test (version managed from 2.8.0)
[DEBUG]       jakarta.xml.bind:jakarta.xml.bind-api:jar:4.0.1:compile (version managed from 4.0.1)
[DEBUG]          jakarta.activation:jakarta.activation-api:jar:2.1.2:compile (version managed from 2.1.2)
[DEBUG]       net.minidev:json-smart:jar:2.5.0:test (version managed from 2.5.0)
[DEBUG]          net.minidev:accessors-smart:jar:2.5.0:test
[DEBUG]             org.ow2.asm:asm:jar:9.3:test
[DEBUG]       org.assertj:assertj-core:jar:3.24.2:test (version managed from 3.24.2)
[DEBUG]       org.awaitility:awaitility:jar:4.2.0:test (version managed from 4.2.0)
[DEBUG]       org.hamcrest:hamcrest:jar:2.2:test (version managed from 2.2)
[DEBUG]       org.junit.jupiter:junit-jupiter:jar:5.10.1:test (version managed from 5.10.1)
[DEBUG]          org.junit.jupiter:junit-jupiter-params:jar:5.10.1:test (version managed from 5.10.1)
[DEBUG]          org.junit.jupiter:junit-jupiter-engine:jar:5.10.1:test (version managed from 5.10.1)
[DEBUG]             org.junit.platform:junit-platform-engine:jar:1.10.1:test (version managed from 1.10.1)
[DEBUG]       org.skyscreamer:jsonassert:jar:1.5.1:test (version managed from 1.5.1)
[DEBUG]          com.vaadin.external.google:android-json:jar:0.0.20131108.vaadin1:test
[DEBUG]       org.springframework:spring-core:jar:6.1.3:compile (version managed from 6.1.3)
[DEBUG]          org.springframework:spring-jcl:jar:6.1.3:compile (version managed from 6.1.3)
[DEBUG]       org.springframework:spring-test:jar:6.1.3:test (version managed from 6.1.3)
[DEBUG]       org.xmlunit:xmlunit-core:jar:2.9.1:test (version managed from 2.9.1)
[DEBUG]    org.springframework.security:spring-security-test:jar:6.2.1:test
[DEBUG]       org.springframework.security:spring-security-core:jar:6.2.1:compile (version managed from 6.2.1)
[DEBUG]          org.springframework.security:spring-security-crypto:jar:6.2.1:compile (version managed from 6.2.1)
[DEBUG]    org.mockito:mockito-core:jar:5.7.0:test
[DEBUG]       net.bytebuddy:byte-buddy:jar:1.14.11:runtime (version managed from 1.14.9)
[DEBUG]       net.bytebuddy:byte-buddy-agent:jar:1.14.11:test (version managed from 1.14.9)
[DEBUG]       org.objenesis:objenesis:jar:3.3:test
[DEBUG]    org.mockito:mockito-junit-jupiter:jar:5.7.0:test
[DEBUG]       org.junit.jupiter:junit-jupiter-api:jar:5.10.1:test (version managed from 5.10.0)
[DEBUG]          org.opentest4j:opentest4j:jar:1.3.0:test
[DEBUG]          org.junit.platform:junit-platform-commons:jar:1.10.1:test (version managed from 1.10.1)
[DEBUG]          org.apiguardian:apiguardian-api:jar:1.1.2:test
[INFO]
[INFO] --- clean:3.3.2:clean (default-clean) @ secure-ai-gateway ---
[DEBUG] Dependency collection stats {ConflictMarker.analyzeTime=35500, ConflictMarker.markTime=36250, ConflictMarker.nodeCount=2, ConflictIdSorter.graphTime=23416, ConflictIdSorter.topsortTime=5709, ConflictIdSorter.conflictIdCount=2, ConflictIdSorter.conflictIdCycleCount=0, ConflictResolver.totalTime=46625, ConflictResolver.conflictItemCount=2, DfDependencyCollector.collectTime=3328875, DfDependencyCollector.transformTime=155042}
[DEBUG] org.apache.maven.plugins:maven-clean-plugin:jar:3.3.2
[DEBUG]    org.codehaus.plexus:plexus-utils:jar:4.0.0:compile
[DEBUG] Created new class realm plugin>org.apache.maven.plugins:maven-clean-plugin:3.3.2
[DEBUG] Importing foreign packages into class realm plugin>org.apache.maven.plugins:maven-clean-plugin:3.3.2
[DEBUG]   Imported:  < maven.api
[DEBUG] Populating class realm plugin>org.apache.maven.plugins:maven-clean-plugin:3.3.2
[DEBUG]   Included: org.apache.maven.plugins:maven-clean-plugin:jar:3.3.2
[DEBUG]   Included: org.codehaus.plexus:plexus-utils:jar:4.0.0
[DEBUG] Loading mojo org.apache.maven.plugins:maven-clean-plugin:3.3.2:clean from plugin realm ClassRealm[plugin>org.apache.maven.plugins:maven-clean-plugin:3.3.2, parent: jdk.internal.loader.ClassLoaders$AppClassLoader@5ffd2b27]
[DEBUG] Configuring mojo execution 'org.apache.maven.plugins:maven-clean-plugin:3.3.2:clean:default-clean' with basic configurator -->
[DEBUG]   (f) directory = /Users/ashaik/Downloads/secure-ai-gateway/secure-ai-gateway/target
[DEBUG]   (f) excludeDefaultDirectories = false
[DEBUG]   (f) failOnError = true
[DEBUG]   (f) fast = false
[DEBUG]   (f) fastMode = background
[DEBUG]   (f) followSymLinks = false
[DEBUG]   (f) outputDirectory = /Users/ashaik/Downloads/secure-ai-gateway/secure-ai-gateway/target/classes
[DEBUG]   (f) reportDirectory = /Users/ashaik/Downloads/secure-ai-gateway/secure-ai-gateway/target/classes
[DEBUG]   (f) retryOnError = true
[DEBUG]   (f) session = org.apache.maven.execution.MavenSession@3dfa819
[DEBUG]   (f) skip = false
[DEBUG]   (f) testOutputDirectory = /Users/ashaik/Downloads/secure-ai-gateway/secure-ai-gateway/target/test-classes
[DEBUG] -- end configuration --
[INFO] Deleting /Users/ashaik/Downloads/secure-ai-gateway/secure-ai-gateway/target
[INFO] Deleting file /Users/ashaik/Downloads/secure-ai-gateway/secure-ai-gateway/target/maven-status/maven-compiler-plugin/compile/default-compile/createdFiles.lst
[INFO] Deleting file /Users/ashaik/Downloads/secure-ai-gateway/secure-ai-gateway/target/maven-status/maven-compiler-plugin/compile/default-compile/inputFiles.lst
[INFO] Deleting directory /Users/ashaik/Downloads/secure-ai-gateway/secure-ai-gateway/target/maven-status/maven-compiler-plugin/compile/default-compile
[INFO] Deleting directory /Users/ashaik/Downloads/secure-ai-gateway/secure-ai-gateway/target/maven-status/maven-compiler-plugin/compile
[INFO] Deleting directory /Users/ashaik/Downloads/secure-ai-gateway/secure-ai-gateway/target/maven-status/maven-compiler-plugin
[INFO] Deleting directory /Users/ashaik/Downloads/secure-ai-gateway/secure-ai-gateway/target/maven-status
[INFO] Deleting file /Users/ashaik/Downloads/secure-ai-gateway/secure-ai-gateway/target/classes/application.yml
[INFO] Deleting directory /Users/ashaik/Downloads/secure-ai-gateway/secure-ai-gateway/target/classes
[INFO] Deleting directory /Users/ashaik/Downloads/secure-ai-gateway/secure-ai-gateway/target/generated-sources/annotations
[INFO] Deleting directory /Users/ashaik/Downloads/secure-ai-gateway/secure-ai-gateway/target/generated-sources
[INFO] Deleting directory /Users/ashaik/Downloads/secure-ai-gateway/secure-ai-gateway/target
[DEBUG] Skipping non-existing directory /Users/ashaik/Downloads/secure-ai-gateway/secure-ai-gateway/target/classes
[DEBUG] Skipping non-existing directory /Users/ashaik/Downloads/secure-ai-gateway/secure-ai-gateway/target/test-classes
[DEBUG] Skipping non-existing directory /Users/ashaik/Downloads/secure-ai-gateway/secure-ai-gateway/target/classes
[INFO]
[INFO] --- jacoco:0.8.11:prepare-agent (prepare-agent) @ secure-ai-gateway ---
[DEBUG] Using mirror maven-default-http-blocker (http://0.0.0.0/) for apache.snapshots (http://repository.apache.org/snapshots).
[DEBUG] Using mirror maven-default-http-blocker (http://0.0.0.0/) for apache.snapshots (http://people.apache.org/repo/m2-snapshot-repository).
[DEBUG] Dependency collection stats {ConflictMarker.analyzeTime=44125, ConflictMarker.markTime=14959, ConflictMarker.nodeCount=18, ConflictIdSorter.graphTime=24916, ConflictIdSorter.topsortTime=11459, ConflictIdSorter.conflictIdCount=13, ConflictIdSorter.conflictIdCycleCount=0, ConflictResolver.totalTime=138667, ConflictResolver.conflictItemCount=18, DfDependencyCollector.collectTime=19941334, DfDependencyCollector.transformTime=245916}
[DEBUG] org.jacoco:jacoco-maven-plugin:jar:0.8.11
[DEBUG]    org.codehaus.plexus:plexus-utils:jar:3.0.24:compile
[DEBUG]    org.apache.maven.shared:file-management:jar:3.1.0:compile
[DEBUG]       org.slf4j:slf4j-api:jar:1.7.36:compile
[DEBUG]       commons-io:commons-io:jar:2.11.0:compile
[DEBUG]    org.apache.maven.reporting:maven-reporting-api:jar:3.0:compile
[DEBUG]       org.apache.maven.doxia:doxia-sink-api:jar:1.0:compile
[DEBUG]    org.jacoco:org.jacoco.agent:jar:runtime:0.8.11:compile
[DEBUG]    org.jacoco:org.jacoco.core:jar:0.8.11:compile
[DEBUG]       org.ow2.asm:asm:jar:9.6:compile (version managed from default)
[DEBUG]       org.ow2.asm:asm-commons:jar:9.6:compile (version managed from default)
[DEBUG]       org.ow2.asm:asm-tree:jar:9.6:compile (version managed from default)
[DEBUG]    org.jacoco:org.jacoco.report:jar:0.8.11:compile
[DEBUG] Created new class realm plugin>org.jacoco:jacoco-maven-plugin:0.8.11
[DEBUG] Importing foreign packages into class realm plugin>org.jacoco:jacoco-maven-plugin:0.8.11
[DEBUG]   Imported:  < maven.api
[DEBUG] Populating class realm plugin>org.jacoco:jacoco-maven-plugin:0.8.11
[DEBUG]   Included: org.jacoco:jacoco-maven-plugin:jar:0.8.11
[DEBUG]   Included: org.codehaus.plexus:plexus-utils:jar:3.0.24
[DEBUG]   Included: org.apache.maven.shared:file-management:jar:3.1.0
[DEBUG]   Included: commons-io:commons-io:jar:2.11.0
[DEBUG]   Included: org.apache.maven.reporting:maven-reporting-api:jar:3.0
[DEBUG]   Included: org.apache.maven.doxia:doxia-sink-api:jar:1.0
[DEBUG]   Included: org.jacoco:org.jacoco.agent:jar:runtime:0.8.11
[DEBUG]   Included: org.jacoco:org.jacoco.core:jar:0.8.11
[DEBUG]   Included: org.ow2.asm:asm:jar:9.6
[DEBUG]   Included: org.ow2.asm:asm-commons:jar:9.6
[DEBUG]   Included: org.ow2.asm:asm-tree:jar:9.6
[DEBUG]   Included: org.jacoco:org.jacoco.report:jar:0.8.11
[DEBUG] Loading mojo org.jacoco:jacoco-maven-plugin:0.8.11:prepare-agent from plugin realm ClassRealm[plugin>org.jacoco:jacoco-maven-plugin:0.8.11, parent: jdk.internal.loader.ClassLoaders$AppClassLoader@5ffd2b27]
[DEBUG] Configuring mojo execution 'org.jacoco:jacoco-maven-plugin:0.8.11:prepare-agent:prepare-agent' with basic configurator -->
[DEBUG]   (f) destFile = /Users/ashaik/Downloads/secure-ai-gateway/secure-ai-gateway/target/jacoco.exec
[DEBUG]   (f) pluginArtifactMap = {org.jacoco:jacoco-maven-plugin=org.jacoco:jacoco-maven-plugin:maven-plugin:0.8.11:, org.codehaus.plexus:plexus-utils=org.codehaus.plexus:plexus-utils:jar:3.0.24:compile, org.apache.maven.shared:file-management=org.apache.maven.shared:file-management:jar:3.1.0:compile, org.slf4j:slf4j-api=org.slf4j:slf4j-api:jar:1.7.36:compile, commons-io:commons-io=commons-io:commons-io:jar:2.11.0:compile, org.apache.maven.reporting:maven-reporting-api=org.apache.maven.reporting:maven-reporting-api:jar:3.0:compile, org.apache.maven.doxia:doxia-sink-api=org.apache.maven.doxia:doxia-sink-api:jar:1.0:compile, org.jacoco:org.jacoco.agent=org.jacoco:org.jacoco.agent:jar:runtime:0.8.11:compile, org.jacoco:org.jacoco.core=org.jacoco:org.jacoco.core:jar:0.8.11:compile, org.ow2.asm:asm=org.ow2.asm:asm:jar:9.6:compile, org.ow2.asm:asm-commons=org.ow2.asm:asm-commons:jar:9.6:compile, org.ow2.asm:asm-tree=org.ow2.asm:asm-tree:jar:9.6:compile, org.jacoco:org.jacoco.report=org.jacoco:org.jacoco.report:jar:0.8.11:compile}
[DEBUG]   (f) project = MavenProject: com.secureai:secure-ai-gateway:1.0.0 @ /Users/ashaik/Downloads/secure-ai-gateway/secure-ai-gateway/pom.xml
[DEBUG]   (f) skip = false
[DEBUG] -- end configuration --
[INFO] argLine set to -javaagent:/Users/ashaik/.m2/repository/org/jacoco/org.jacoco.agent/0.8.11/org.jacoco.agent-0.8.11-runtime.jar=destfile=/Users/ashaik/Downloads/secure-ai-gateway/secure-ai-gateway/target/jacoco.exec
[INFO]
[INFO] --- resources:3.3.1:resources (default-resources) @ secure-ai-gateway ---
[DEBUG] Dependency collection stats {ConflictMarker.analyzeTime=20584, ConflictMarker.markTime=11958, ConflictMarker.nodeCount=13, ConflictIdSorter.graphTime=10459, ConflictIdSorter.topsortTime=7916, ConflictIdSorter.conflictIdCount=9, ConflictIdSorter.conflictIdCycleCount=0, ConflictResolver.totalTime=93750, ConflictResolver.conflictItemCount=13, DfDependencyCollector.collectTime=9476708, DfDependencyCollector.transformTime=157375}
[DEBUG] org.apache.maven.plugins:maven-resources-plugin:jar:3.3.1
[DEBUG]    org.codehaus.plexus:plexus-interpolation:jar:1.26:runtime
[DEBUG]    org.codehaus.plexus:plexus-utils:jar:3.5.1:compile
[DEBUG]    org.apache.maven.shared:maven-filtering:jar:3.3.1:compile
[DEBUG]       javax.inject:javax.inject:jar:1:compile
[DEBUG]       org.slf4j:slf4j-api:jar:1.7.36:compile
[DEBUG]       org.sonatype.plexus:plexus-build-api:jar:0.0.7:compile
[DEBUG]    commons-io:commons-io:jar:2.11.0:compile
[DEBUG]    org.apache.commons:commons-lang3:jar:3.12.0:compile
[DEBUG] Created new class realm plugin>org.apache.maven.plugins:maven-resources-plugin:3.3.1
[DEBUG] Importing foreign packages into class realm plugin>org.apache.maven.plugins:maven-resources-plugin:3.3.1
[DEBUG]   Imported:  < maven.api
[DEBUG] Populating class realm plugin>org.apache.maven.plugins:maven-resources-plugin:3.3.1
[DEBUG]   Included: org.apache.maven.plugins:maven-resources-plugin:jar:3.3.1
[DEBUG]   Included: org.codehaus.plexus:plexus-interpolation:jar:1.26
[DEBUG]   Included: org.codehaus.plexus:plexus-utils:jar:3.5.1
[DEBUG]   Included: org.apache.maven.shared:maven-filtering:jar:3.3.1
[DEBUG]   Included: org.sonatype.plexus:plexus-build-api:jar:0.0.7
[DEBUG]   Included: commons-io:commons-io:jar:2.11.0
[DEBUG]   Included: org.apache.commons:commons-lang3:jar:3.12.0
[DEBUG] Loading mojo org.apache.maven.plugins:maven-resources-plugin:3.3.1:resources from plugin realm ClassRealm[plugin>org.apache.maven.plugins:maven-resources-plugin:3.3.1, parent: jdk.internal.loader.ClassLoaders$AppClassLoader@5ffd2b27]
[DEBUG] Configuring mojo execution 'org.apache.maven.plugins:maven-resources-plugin:3.3.1:resources:default-resources' with basic configurator -->
[DEBUG]   (f) addDefaultExcludes = true
[DEBUG]   (f) buildFilters = []
[DEBUG]   (s) delimiters = [@]
[DEBUG]   (f) encoding = UTF-8
[DEBUG]   (f) escapeWindowsPaths = true
[DEBUG]   (f) fileNameFiltering = false
[DEBUG]   (s) includeEmptyDirs = false
[DEBUG]   (s) outputDirectory = /Users/ashaik/Downloads/secure-ai-gateway/secure-ai-gateway/target/classes
[DEBUG]   (s) overwrite = false
[DEBUG]   (f) project = MavenProject: com.secureai:secure-ai-gateway:1.0.0 @ /Users/ashaik/Downloads/secure-ai-gateway/secure-ai-gateway/pom.xml
[DEBUG]   (f) propertiesEncoding = UTF-8
[DEBUG]   (s) resources = [Resource {targetPath: null, filtering: true, FileSet {directory: /Users/ashaik/Downloads/secure-ai-gateway/secure-ai-gateway/src/main/resources, PatternSet [includes: {**/application*.yml, **/application*.yaml, **/application*.properties}, excludes: {}]}}, Resource {targetPath: null, filtering: false, FileSet {directory: /Users/ashaik/Downloads/secure-ai-gateway/secure-ai-gateway/src/main/resources, PatternSet [includes: {}, excludes: {**/application*.yml, **/application*.yaml, **/application*.properties}]}}]
[DEBUG]   (f) session = org.apache.maven.execution.MavenSession@3dfa819
[DEBUG]   (f) skip = false
[DEBUG]   (f) supportMultiLineFiltering = false
[DEBUG]   (f) useBuildFilters = true
[DEBUG]   (s) useDefaultDelimiters = false
[DEBUG] -- end configuration --
[DEBUG] properties used:
[DEBUG] activemq.version: 5.18.3
[DEBUG] angus-mail.version: 2.0.2
[DEBUG] argLine: -javaagent:/Users/ashaik/.m2/repository/org/jacoco/org.jacoco.agent/0.8.11/org.jacoco.agent-0.8.11-runtime.jar=destfile=/Users/ashaik/Downloads/secure-ai-gateway/secure-ai-gateway/target/jacoco.exec
[DEBUG] artemis.version: 2.31.2
[DEBUG] aspectj.version: 1.9.21
[DEBUG] assertj.version: 3.24.2
[DEBUG] awaitility.version: 4.2.0
[DEBUG] brave.version: 5.16.0
[DEBUG] bucket4j.version: 8.7.0
[DEBUG] build-helper-maven-plugin.version: 3.4.0
[DEBUG] byte-buddy.version: 1.14.11
[DEBUG] cache2k.version: 2.6.1.Final
[DEBUG] caffeine.version: 3.1.8
[DEBUG] cassandra-driver.version: 4.17.0
[DEBUG] classmate.version: 1.6.0
[DEBUG] classworlds.conf: /opt/homebrew/Cellar/maven/3.9.12/libexec/bin/m2.conf
[DEBUG] commons-codec.version: 1.16.0
[DEBUG] commons-dbcp2.version: 2.10.0
[DEBUG] commons-lang3.version: 3.13.0
[DEBUG] commons-pool.version: 1.6
[DEBUG] commons-pool2.version: 2.12.0
[DEBUG] couchbase-client.version: 3.4.11
[DEBUG] crac.version: 1.4.0
[DEBUG] db2-jdbc.version: 11.5.9.0
[DEBUG] dependency-check.version: 9.0.9
[DEBUG] dependency-management-plugin.version: 1.1.4
[DEBUG] derby.version: 10.16.1.1
[DEBUG] dropwizard-metrics.version: 4.2.23
[DEBUG] ehcache3.version: 3.10.8
[DEBUG] elasticsearch-client.version: 8.10.4
[DEBUG] env.BASH_SILENCE_DEPRECATION_WARNING: 1
[DEBUG] env.COMMAND_MODE: unix2003
[DEBUG] env.DISABLE_AUTO_UPDATE: true
[DEBUG] env.FIG_TERM: 1
[DEBUG] env.GIT_PAGER: cat
[DEBUG] env.GO111MODULE: on
[DEBUG] env.HISTCONTROL: ignorespace
[DEBUG] env.HISTFILE: /Users/ashaik/.zsh_history
[DEBUG] env.HISTFILESIZE: 0
[DEBUG] env.HOME: /Users/ashaik
[DEBUG] env.HOMEBREW_CELLAR: /opt/homebrew/Cellar
[DEBUG] env.HOMEBREW_PREFIX: /opt/homebrew
[DEBUG] env.HOMEBREW_REPOSITORY: /opt/homebrew
[DEBUG] env.IJ_RESTARTER_LOG: /Users/ashaik/Library/Logs/JetBrains/IntelliJIdea2025.3/restarter.log
[DEBUG] env.INFOPATH: /opt/homebrew/share/info:
[DEBUG] env.JAVA_HOME: /Users/ashaik/Library/Java/JavaVirtualMachines/ms-17.0.17/Contents/Home
[DEBUG] env.JAVA_MAIN_CLASS_48512: org.codehaus.plexus.classworlds.launcher.Launcher
[DEBUG] env.LANG: C.UTF-8
[DEBUG] env.LC_CTYPE: UTF-8
[DEBUG] env.LOGNAME: ashaik
[DEBUG] env.MARKER_JUNIE_TERMINAL: true
[DEBUG] env.MAVEN_CMD_LINE_ARGS:  clean compile -DskipTests -X
[DEBUG] env.MAVEN_PROJECTBASEDIR: /Users/ashaik/Downloads/secure-ai-gateway/secure-ai-gateway
[DEBUG] env.OLDPWD: /Users/ashaik/Downloads/secure-ai-gateway/secure-ai-gateway
[DEBUG] env.OSLogRateLimit: 64
[DEBUG] env.PATH: /opt/homebrew/bin:/opt/homebrew/sbin:/usr/local/bin:/System/Cryptexes/App/usr/bin:/usr/bin:/bin:/usr/sbin:/sbin:/var/run/com.apple.security.cryptexd/codex.system/bootstrap/usr/local/bin:/var/run/com.apple.security.cryptexd/codex.system/bootstrap/usr/bin:/var/run/com.apple.security.cryptexd/codex.system/bootstrap/usr/appleinternal/bin:/opt/pmk/env/global/bin:/Users/ashaik/Library/Application Support/JetBrains/Toolbox/scripts
[DEBUG] env.PROCESS_LAUNCHED_BY_CW: 1
[DEBUG] env.PROCESS_LAUNCHED_BY_Q: 1
[DEBUG] env.PROMPT_COMMAND: printf ''
[DEBUG] env.PWD: /Users/ashaik/Downloads/secure-ai-gateway/secure-ai-gateway
[DEBUG] env.SAVEHIST: 1000
[DEBUG] env.SHELL: /bin/zsh
[DEBUG] env.SHLVL: 1
[DEBUG] env.SSH_AUTH_SOCK: /private/tmp/com.apple.launchd.3KuHdNib9P/Listeners
[DEBUG] env.TERM: xterm-256color
[DEBUG] env.TERMINAL_EMULATOR: JetBrains-JediTerm
[DEBUG] env.TERM_SESSION_ID: e175ea88-69ba-4306-855f-14c317b65a5c
[DEBUG] env.TMPDIR: /var/folders/34/gr0f2y2j0zs_pz5fbjz6cr_h0000gn/T/
[DEBUG] env.TOOLBOX_VERSION: 3.2.0.65851
[DEBUG] env.USER: ashaik
[DEBUG] env.XPC_FLAGS: 0x0
[DEBUG] env.XPC_SERVICE_NAME: 0
[DEBUG] env.__CFBundleIdentifier: com.jetbrains.intellij
[DEBUG] env.__CF_USER_TEXT_ENCODING: 0x1F5:0x0:0x6C
[DEBUG] file.encoding: UTF-8
[DEBUG] file.separator: /
[DEBUG] flyway.version: 9.22.3
[DEBUG] freemarker.version: 2.3.32
[DEBUG] ftp.nonProxyHosts: local|*.local|169.254/16|*.169.254/16
[DEBUG] git-commit-id-maven-plugin.version: 6.0.0
[DEBUG] glassfish-jaxb.version: 4.0.4
[DEBUG] glassfish-jstl.version: 3.0.1
[DEBUG] graphql-java.version: 21.3
[DEBUG] groovy.version: 4.0.17
[DEBUG] gson.version: 2.10.1
[DEBUG] h2.version: 2.2.224
[DEBUG] hamcrest.version: 2.2
[DEBUG] hazelcast.version: 5.3.6
[DEBUG] hibernate-validator.version: 8.0.1.Final
[DEBUG] hibernate.version: 6.4.1.Final
[DEBUG] hikaricp.version: 5.0.1
[DEBUG] hsqldb.version: 2.7.2
[DEBUG] htmlunit.version: 2.70.0
[DEBUG] http.nonProxyHosts: local|*.local|169.254/16|*.169.254/16
[DEBUG] httpasyncclient.version: 4.1.5
[DEBUG] httpclient5.version: 5.2.3
[DEBUG] httpcore.version: 4.4.16
[DEBUG] httpcore5.version: 5.2.4
[DEBUG] infinispan.version: 14.0.21.Final
[DEBUG] influxdb-java.version: 2.23
[DEBUG] jackson-bom.version: 2.15.3
[DEBUG] jacoco.branch.coverage: 0.75
[DEBUG] jacoco.line.coverage: 0.80
[DEBUG] jacoco.version: 0.8.11
[DEBUG] jakarta-activation.version: 2.1.2
[DEBUG] jakarta-annotation.version: 2.1.1
[DEBUG] jakarta-jms.version: 3.1.0
[DEBUG] jakarta-json-bind.version: 3.0.0
[DEBUG] jakarta-json.version: 2.1.3
[DEBUG] jakarta-mail.version: 2.1.2
[DEBUG] jakarta-management.version: 1.1.4
[DEBUG] jakarta-persistence.version: 3.1.0
[DEBUG] jakarta-servlet-jsp-jstl.version: 3.0.0
[DEBUG] jakarta-servlet.version: 6.0.0
[DEBUG] jakarta-transaction.version: 2.0.1
[DEBUG] jakarta-validation.version: 3.0.2
[DEBUG] jakarta-websocket.version: 2.1.1
[DEBUG] jakarta-ws-rs.version: 3.1.0
[DEBUG] jakarta-xml-bind.version: 4.0.1
[DEBUG] jakarta-xml-soap.version: 3.0.1
[DEBUG] jakarta-xml-ws.version: 4.0.1
[DEBUG] janino.version: 3.1.11
[DEBUG] java.class.path: /opt/homebrew/Cellar/maven/3.9.12/libexec/boot/plexus-classworlds-2.9.0.jar
[DEBUG] java.class.version: 61.0
[DEBUG] java.home: /Users/ashaik/Library/Java/JavaVirtualMachines/ms-17.0.17/Contents/Home
[DEBUG] java.io.tmpdir: /var/folders/34/gr0f2y2j0zs_pz5fbjz6cr_h0000gn/T/
[DEBUG] java.library.path: /Users/ashaik/Library/Java/Extensions:/Library/Java/Extensions:/Network/Library/Java/Extensions:/System/Library/Java/Extensions:/usr/lib/java:.
[DEBUG] java.runtime.name: OpenJDK Runtime Environment
[DEBUG] java.runtime.version: 17.0.17+10-LTS
[DEBUG] java.specification.maintenance.version: 1
[DEBUG] java.specification.name: Java Platform API Specification
[DEBUG] java.specification.vendor: Oracle Corporation
[DEBUG] java.specification.version: 17
[DEBUG] java.vendor: Microsoft
[DEBUG] java.vendor.url: https://www.microsoft.com
[DEBUG] java.vendor.url.bug: https://github.com/microsoft/openjdk/issues
[DEBUG] java.vendor.version: Microsoft-12574438
[DEBUG] java.version: 17.0.17
[DEBUG] java.version.date: 2025-10-21
[DEBUG] java.vm.compressedOopsMode: Zero based
[DEBUG] java.vm.info: mixed mode, sharing
[DEBUG] java.vm.name: OpenJDK 64-Bit Server VM
[DEBUG] java.vm.specification.name: Java Virtual Machine Specification
[DEBUG] java.vm.specification.vendor: Oracle Corporation
[DEBUG] java.vm.specification.version: 17
[DEBUG] java.vm.vendor: Microsoft
[DEBUG] java.vm.version: 17.0.17+10-LTS
[DEBUG] javax-cache.version: 1.1.1
[DEBUG] javax-money.version: 1.1
[DEBUG] jaxen.version: 2.0.0
[DEBUG] jaybird.version: 5.0.3.java11
[DEBUG] jboss-logging.version: 3.5.3.Final
[DEBUG] jdk.debug: release
[DEBUG] jdom2.version: 2.0.6.1
[DEBUG] jedis.version: 5.0.2
[DEBUG] jersey.version: 3.1.5
[DEBUG] jetty-reactive-httpclient.version: 4.0.1
[DEBUG] jetty.version: 12.0.5
[DEBUG] jjwt.version: 0.11.5
[DEBUG] jmustache.version: 1.15
[DEBUG] jooq.version: 3.18.9
[DEBUG] json-path.version: 2.8.0
[DEBUG] json-smart.version: 2.5.0
[DEBUG] jsonassert.version: 1.5.1
[DEBUG] jtds.version: 1.3.1
[DEBUG] junit-jupiter.version: 5.10.1
[DEBUG] junit.version: 4.13.2
[DEBUG] kafka.version: 3.6.1
[DEBUG] kotlin-coroutines.version: 1.7.3
[DEBUG] kotlin-serialization.version: 1.6.2
[DEBUG] kotlin.version: 1.9.22
[DEBUG] lettuce.version: 6.3.1.RELEASE
[DEBUG] library.jansi.path: /opt/homebrew/Cellar/maven/3.9.12/libexec/lib/jansi-native
[DEBUG] line.separator:
[DEBUG] liquibase.version: 4.24.0
[DEBUG] log4j2.version: 2.21.1
[DEBUG] logback.version: 1.4.14
[DEBUG] lombok.version: 1.18.30
[DEBUG] mariadb.version: 3.3.2
[DEBUG] maven-antrun-plugin.version: 3.1.0
[DEBUG] maven-assembly-plugin.version: 3.6.0
[DEBUG] maven-clean-plugin.version: 3.3.2
[DEBUG] maven-compiler-plugin.version: 3.11.0
[DEBUG] maven-dependency-plugin.version: 3.6.1
[DEBUG] maven-deploy-plugin.version: 3.1.1
[DEBUG] maven-enforcer-plugin.version: 3.4.1
[DEBUG] maven-failsafe-plugin.version: 3.1.2
[DEBUG] maven-help-plugin.version: 3.4.0
[DEBUG] maven-install-plugin.version: 3.1.1
[DEBUG] maven-invoker-plugin.version: 3.6.0
[DEBUG] maven-jar-plugin.version: 3.3.0
[DEBUG] maven-javadoc-plugin.version: 3.6.3
[DEBUG] maven-resources-plugin.version: 3.3.1
[DEBUG] maven-shade-plugin.version: 3.5.1
[DEBUG] maven-source-plugin.version: 3.3.0
[DEBUG] maven-surefire-plugin.version: 3.1.2
[DEBUG] maven-war-plugin.version: 3.4.0
[DEBUG] maven.build.timestamp: 2026-02-14T01:59:34Z
[DEBUG] maven.build.version: Apache Maven 3.9.12 (848fbb4bf2d427b72bdb2471c22fced7ebd9a7a1)
[DEBUG] maven.compiler.release: 17
[DEBUG] maven.compiler.source: 17
[DEBUG] maven.compiler.target: 17
[DEBUG] maven.conf: /opt/homebrew/Cellar/maven/3.9.12/libexec/conf
[DEBUG] maven.home: /opt/homebrew/Cellar/maven/3.9.12/libexec
[DEBUG] maven.multiModuleProjectDirectory: /Users/ashaik/Downloads/secure-ai-gateway/secure-ai-gateway
[DEBUG] maven.version: 3.9.12
[DEBUG] micrometer-tracing.version: 1.2.2
[DEBUG] micrometer.version: 1.12.2
[DEBUG] mockito.version: 5.7.0
[DEBUG] mongodb.version: 4.11.1
[DEBUG] mssql-jdbc.version: 12.4.2.jre11
[DEBUG] mysql.version: 8.3.0
[DEBUG] native-build-tools-plugin.version: 0.9.28
[DEBUG] native.encoding: UTF-8
[DEBUG] nekohtml.version: 1.9.22
[DEBUG] neo4j-java-driver.version: 5.15.0
[DEBUG] netty.version: 4.1.105.Final
[DEBUG] okhttp.version: 4.12.0
[DEBUG] opentelemetry.version: 1.31.0
[DEBUG] oracle-database.version: 21.9.0.0
[DEBUG] oracle-r2dbc.version: 1.1.1
[DEBUG] os.arch: aarch64
[DEBUG] os.name: Mac OS X
[DEBUG] os.version: 26.2
[DEBUG] path.separator: :
[DEBUG] pooled-jms.version: 3.1.5
[DEBUG] postgresql.version: 42.6.0
[DEBUG] project.baseUri: file:/Users/ashaik/Downloads/secure-ai-gateway/secure-ai-gateway/
[DEBUG] project.build.sourceEncoding: UTF-8
[DEBUG] project.reporting.outputEncoding: UTF-8
[DEBUG] prometheus-client.version: 0.16.0
[DEBUG] pulsar-reactive.version: 0.5.2
[DEBUG] pulsar.version: 3.1.2
[DEBUG] quartz.version: 2.3.2
[DEBUG] querydsl.version: 5.0.0
[DEBUG] r2dbc-h2.version: 1.0.0.RELEASE
[DEBUG] r2dbc-mariadb.version: 1.1.4
[DEBUG] r2dbc-mssql.version: 1.0.2.RELEASE
[DEBUG] r2dbc-mysql.version: 1.0.6
[DEBUG] r2dbc-pool.version: 1.0.1.RELEASE
[DEBUG] r2dbc-postgresql.version: 1.0.4.RELEASE
[DEBUG] r2dbc-proxy.version: 1.1.4.RELEASE
[DEBUG] r2dbc-spi.version: 1.0.0.RELEASE
[DEBUG] rabbit-amqp-client.version: 5.19.0
[DEBUG] rabbit-stream-client.version: 0.14.0
[DEBUG] reactive-streams.version: 1.0.4
[DEBUG] reactor-bom.version: 2023.0.2
[DEBUG] resource.delimiter: @
[DEBUG] rest-assured.version: 5.3.2
[DEBUG] rsocket.version: 1.1.3
[DEBUG] rxjava3.version: 3.1.8
[DEBUG] saaj-impl.version: 3.0.3
[DEBUG] selenium-htmlunit.version: 4.13.0
[DEBUG] selenium.version: 4.14.1
[DEBUG] sendgrid.version: 4.9.3
[DEBUG] skipTests: true
[DEBUG] slf4j.version: 2.0.11
[DEBUG] snakeyaml.version: 2.2
[DEBUG] socksNonProxyHosts: local|*.local|169.254/16|*.169.254/16
[DEBUG] sonar.coverage.jacoco.xmlReportPaths: /Users/ashaik/Downloads/secure-ai-gateway/secure-ai-gateway/target/site/jacoco/jacoco.xml
[DEBUG] sonar.dynamicAnalysis: reuseReports
[DEBUG] sonar.exclusions: **/model/**,**/dto/**,**/config/**
[DEBUG] sonar.java.coveragePlugin: jacoco
[DEBUG] sonar.language: java
[DEBUG] sonar.version: 3.10.0.2594
[DEBUG] spotbugs.version: 4.8.3.0
[DEBUG] spring-amqp.version: 3.1.1
[DEBUG] spring-authorization-server.version: 1.2.1
[DEBUG] spring-batch.version: 5.1.0
[DEBUG] spring-data-bom.version: 2023.1.2
[DEBUG] spring-framework.version: 6.1.3
[DEBUG] spring-graphql.version: 1.2.4
[DEBUG] spring-hateoas.version: 2.2.0
[DEBUG] spring-integration.version: 6.2.1
[DEBUG] spring-kafka.version: 3.1.1
[DEBUG] spring-ldap.version: 3.2.1
[DEBUG] spring-pulsar.version: 1.0.2
[DEBUG] spring-restdocs.version: 3.0.1
[DEBUG] spring-retry.version: 2.0.5
[DEBUG] spring-security.version: 6.2.1
[DEBUG] spring-session.version: 3.2.1
[DEBUG] spring-ws.version: 4.0.10
[DEBUG] springdoc.version: 2.3.0
[DEBUG] sqlite-jdbc.version: 3.43.2.0
[DEBUG] sun.arch.data.model: 64
[DEBUG] sun.boot.library.path: /Users/ashaik/Library/Java/JavaVirtualMachines/ms-17.0.17/Contents/Home/lib
[DEBUG] sun.cpu.endian: little
[DEBUG] sun.io.unicode.encoding: UnicodeBig
[DEBUG] sun.java.command: org.codehaus.plexus.classworlds.launcher.Launcher clean compile -DskipTests -X
[DEBUG] sun.java.launcher: SUN_STANDARD
[DEBUG] sun.jnu.encoding: UTF-8
[DEBUG] sun.management.compiler: HotSpot 64-Bit Tiered Compilers
[DEBUG] sun.stderr.encoding: UTF-8
[DEBUG] testcontainers.version: 1.19.3
[DEBUG] thymeleaf-extras-data-attribute.version: 2.0.1
[DEBUG] thymeleaf-extras-springsecurity.version: 3.1.2.RELEASE
[DEBUG] thymeleaf-layout-dialect.version: 3.3.0
[DEBUG] thymeleaf.version: 3.1.2.RELEASE
[DEBUG] tomcat.version: 10.1.18
[DEBUG] unboundid-ldapsdk.version: 6.0.11
[DEBUG] undertow.version: 2.3.10.Final
[DEBUG] user.country: IE
[DEBUG] user.dir: /Users/ashaik/Downloads/secure-ai-gateway/secure-ai-gateway
[DEBUG] user.home: /Users/ashaik
[DEBUG] user.language: en
[DEBUG] user.name: ashaik
[DEBUG] versions-maven-plugin.version: 2.16.2
[DEBUG] webjars-locator-core.version: 0.55
[DEBUG] wsdl4j.version: 1.6.3
[DEBUG] xml-maven-plugin.version: 1.1.0
[DEBUG] xmlunit2.version: 2.9.1
[DEBUG] yasson.version: 3.0.3
[DEBUG] Using 'UTF-8' encoding to copy filtered resources.
[DEBUG] Using 'UTF-8' encoding to copy filtered properties files.
[DEBUG] resource with targetPath null
directory /Users/ashaik/Downloads/secure-ai-gateway/secure-ai-gateway/src/main/resources
excludes []
includes [**/application*.yml, **/application*.yaml, **/application*.properties]
[DEBUG] ignoreDelta true
[INFO] Copying 1 resource from src/main/resources to target/classes
[DEBUG] Copying file application.yml
[DEBUG] file application.yml has a filtered file extension
[DEBUG] Using 'UTF-8' encoding to copy filtered resource 'application.yml'.
[DEBUG] filtering /Users/ashaik/Downloads/secure-ai-gateway/secure-ai-gateway/src/main/resources/application.yml to /Users/ashaik/Downloads/secure-ai-gateway/secure-ai-gateway/target/classes/application.yml
[DEBUG] resource with targetPath null
directory /Users/ashaik/Downloads/secure-ai-gateway/secure-ai-gateway/src/main/resources
excludes [**/application*.yml, **/application*.yaml, **/application*.properties]
includes []
[DEBUG] ignoreDelta true
[INFO] Copying 0 resource from src/main/resources to target/classes
[DEBUG] no user filter components
[INFO]
[INFO] --- compiler:3.11.0:compile (default-compile) @ secure-ai-gateway ---
[DEBUG] Dependency collection stats {ConflictMarker.analyzeTime=36958, ConflictMarker.markTime=21000, ConflictMarker.nodeCount=17, ConflictIdSorter.graphTime=12791, ConflictIdSorter.topsortTime=11792, ConflictIdSorter.conflictIdCount=12, ConflictIdSorter.conflictIdCycleCount=0, ConflictResolver.totalTime=148875, ConflictResolver.conflictItemCount=17, DfDependencyCollector.collectTime=17825959, DfDependencyCollector.transformTime=242791}
[DEBUG] org.apache.maven.plugins:maven-compiler-plugin:jar:3.11.0
[DEBUG]    org.apache.maven.shared:maven-shared-utils:jar:3.3.4:compile
[DEBUG]       commons-io:commons-io:jar:2.6:compile
[DEBUG]    org.apache.maven.shared:maven-shared-incremental:jar:1.1:compile
[DEBUG]       org.codehaus.plexus:plexus-component-annotations:jar:1.5.5:compile
[DEBUG]    org.codehaus.plexus:plexus-java:jar:1.1.2:compile
[DEBUG]       org.ow2.asm:asm:jar:9.4:compile
[DEBUG]       com.thoughtworks.qdox:qdox:jar:2.0.3:compile (version managed from default)
[DEBUG]    org.codehaus.plexus:plexus-compiler-api:jar:2.13.0:compile
[DEBUG]       org.codehaus.plexus:plexus-utils:jar:3.5.0:compile (version managed from default)
[DEBUG]    org.codehaus.plexus:plexus-compiler-manager:jar:2.13.0:compile
[DEBUG]    org.codehaus.plexus:plexus-compiler-javac:jar:2.13.0:runtime
[DEBUG] Created new class realm plugin>org.apache.maven.plugins:maven-compiler-plugin:3.11.0
[DEBUG] Importing foreign packages into class realm plugin>org.apache.maven.plugins:maven-compiler-plugin:3.11.0
[DEBUG]   Imported:  < maven.api
[DEBUG] Populating class realm plugin>org.apache.maven.plugins:maven-compiler-plugin:3.11.0
[DEBUG]   Included: org.apache.maven.plugins:maven-compiler-plugin:jar:3.11.0
[DEBUG]   Included: org.apache.maven.shared:maven-shared-utils:jar:3.3.4
[DEBUG]   Included: commons-io:commons-io:jar:2.6
[DEBUG]   Included: org.apache.maven.shared:maven-shared-incremental:jar:1.1
[DEBUG]   Included: org.codehaus.plexus:plexus-component-annotations:jar:1.5.5
[DEBUG]   Included: org.codehaus.plexus:plexus-java:jar:1.1.2
[DEBUG]   Included: org.ow2.asm:asm:jar:9.4
[DEBUG]   Included: com.thoughtworks.qdox:qdox:jar:2.0.3
[DEBUG]   Included: org.codehaus.plexus:plexus-compiler-api:jar:2.13.0
[DEBUG]   Included: org.codehaus.plexus:plexus-utils:jar:3.5.0
[DEBUG]   Included: org.codehaus.plexus:plexus-compiler-manager:jar:2.13.0
[DEBUG]   Included: org.codehaus.plexus:plexus-compiler-javac:jar:2.13.0
[DEBUG] Loading mojo org.apache.maven.plugins:maven-compiler-plugin:3.11.0:compile from plugin realm ClassRealm[plugin>org.apache.maven.plugins:maven-compiler-plugin:3.11.0, parent: jdk.internal.loader.ClassLoaders$AppClassLoader@5ffd2b27]
[DEBUG] Configuring mojo execution 'org.apache.maven.plugins:maven-compiler-plugin:3.11.0:compile:default-compile' with basic configurator -->
[DEBUG]   (s) groupId = org.projectlombok
[DEBUG]   (s) artifactId = lombok
[DEBUG]   (s) version = 1.18.30
[DEBUG]   (f) annotationProcessorPaths = [org.projectlombok:lombok:1.18.30.jar]
[DEBUG]   (f) basedir = /Users/ashaik/Downloads/secure-ai-gateway/secure-ai-gateway
[DEBUG]   (f) buildDirectory = /Users/ashaik/Downloads/secure-ai-gateway/secure-ai-gateway/target
[DEBUG]   (f) compilePath = [/Users/ashaik/Downloads/secure-ai-gateway/secure-ai-gateway/target/classes, /Users/ashaik/.m2/repository/org/springframework/boot/spring-boot-starter-web/3.2.2/spring-boot-starter-web-3.2.2.jar, /Users/ashaik/.m2/repository/org/springframework/boot/spring-boot-starter/3.2.2/spring-boot-starter-3.2.2.jar, /Users/ashaik/.m2/repository/org/springframework/boot/spring-boot/3.2.2/spring-boot-3.2.2.jar, /Users/ashaik/.m2/repository/org/springframework/boot/spring-boot-autoconfigure/3.2.2/spring-boot-autoconfigure-3.2.2.jar, /Users/ashaik/.m2/repository/org/springframework/boot/spring-boot-starter-logging/3.2.2/spring-boot-starter-logging-3.2.2.jar, /Users/ashaik/.m2/repository/ch/qos/logback/logback-classic/1.4.14/logback-classic-1.4.14.jar, /Users/ashaik/.m2/repository/ch/qos/logback/logback-core/1.4.14/logback-core-1.4.14.jar, /Users/ashaik/.m2/repository/org/apache/logging/log4j/log4j-to-slf4j/2.21.1/log4j-to-slf4j-2.21.1.jar, /Users/ashaik/.m2/repository/org/apache/logging/log4j/log4j-api/2.21.1/log4j-api-2.21.1.jar, /Users/ashaik/.m2/repository/org/slf4j/jul-to-slf4j/2.0.11/jul-to-slf4j-2.0.11.jar, /Users/ashaik/.m2/repository/jakarta/annotation/jakarta.annotation-api/2.1.1/jakarta.annotation-api-2.1.1.jar, /Users/ashaik/.m2/repository/org/yaml/snakeyaml/2.2/snakeyaml-2.2.jar, /Users/ashaik/.m2/repository/org/springframework/boot/spring-boot-starter-json/3.2.2/spring-boot-starter-json-3.2.2.jar, /Users/ashaik/.m2/repository/com/fasterxml/jackson/datatype/jackson-datatype-jdk8/2.15.3/jackson-datatype-jdk8-2.15.3.jar, /Users/ashaik/.m2/repository/com/fasterxml/jackson/datatype/jackson-datatype-jsr310/2.15.3/jackson-datatype-jsr310-2.15.3.jar, /Users/ashaik/.m2/repository/com/fasterxml/jackson/module/jackson-module-parameter-names/2.15.3/jackson-module-parameter-names-2.15.3.jar, /Users/ashaik/.m2/repository/org/springframework/boot/spring-boot-starter-tomcat/3.2.2/spring-boot-starter-tomcat-3.2.2.jar, /Users/ashaik/.m2/repository/org/apache/tomcat/embed/tomcat-embed-core/10.1.18/tomcat-embed-core-10.1.18.jar, /Users/ashaik/.m2/repository/org/apache/tomcat/embed/tomcat-embed-websocket/10.1.18/tomcat-embed-websocket-10.1.18.jar, /Users/ashaik/.m2/repository/org/springframework/spring-web/6.1.3/spring-web-6.1.3.jar, /Users/ashaik/.m2/repository/org/springframework/spring-beans/6.1.3/spring-beans-6.1.3.jar, /Users/ashaik/.m2/repository/org/springframework/spring-webmvc/6.1.3/spring-webmvc-6.1.3.jar, /Users/ashaik/.m2/repository/org/springframework/spring-context/6.1.3/spring-context-6.1.3.jar, /Users/ashaik/.m2/repository/org/springframework/spring-expression/6.1.3/spring-expression-6.1.3.jar, /Users/ashaik/.m2/repository/org/springframework/boot/spring-boot-starter-validation/3.2.2/spring-boot-starter-validation-3.2.2.jar, /Users/ashaik/.m2/repository/org/apache/tomcat/embed/tomcat-embed-el/10.1.18/tomcat-embed-el-10.1.18.jar, /Users/ashaik/.m2/repository/org/hibernate/validator/hibernate-validator/8.0.1.Final/hibernate-validator-8.0.1.Final.jar, /Users/ashaik/.m2/repository/jakarta/validation/jakarta.validation-api/3.0.2/jakarta.validation-api-3.0.2.jar, /Users/ashaik/.m2/repository/org/jboss/logging/jboss-logging/3.5.3.Final/jboss-logging-3.5.3.Final.jar, /Users/ashaik/.m2/repository/com/fasterxml/classmate/1.6.0/classmate-1.6.0.jar, /Users/ashaik/.m2/repository/org/springframework/boot/spring-boot-starter-security/3.2.2/spring-boot-starter-security-3.2.2.jar, /Users/ashaik/.m2/repository/org/springframework/spring-aop/6.1.3/spring-aop-6.1.3.jar, /Users/ashaik/.m2/repository/org/springframework/security/spring-security-config/6.2.1/spring-security-config-6.2.1.jar, /Users/ashaik/.m2/repository/org/springframework/security/spring-security-web/6.2.1/spring-security-web-6.2.1.jar, /Users/ashaik/.m2/repository/org/springframework/boot/spring-boot-starter-data-jpa/3.2.2/spring-boot-starter-data-jpa-3.2.2.jar, /Users/ashaik/.m2/repository/org/springframework/boot/spring-boot-starter-aop/3.2.2/spring-boot-starter-aop-3.2.2.jar, /Users/ashaik/.m2/repository/org/aspectj/aspectjweaver/1.9.21/aspectjweaver-1.9.21.jar, /Users/ashaik/.m2/repository/org/springframework/boot/spring-boot-starter-jdbc/3.2.2/spring-boot-starter-jdbc-3.2.2.jar, /Users/ashaik/.m2/repository/com/zaxxer/HikariCP/5.0.1/HikariCP-5.0.1.jar, /Users/ashaik/.m2/repository/org/springframework/spring-jdbc/6.1.3/spring-jdbc-6.1.3.jar, /Users/ashaik/.m2/repository/org/hibernate/orm/hibernate-core/6.4.1.Final/hibernate-core-6.4.1.Final.jar, /Users/ashaik/.m2/repository/jakarta/persistence/jakarta.persistence-api/3.1.0/jakarta.persistence-api-3.1.0.jar, /Users/ashaik/.m2/repository/jakarta/transaction/jakarta.transaction-api/2.0.1/jakarta.transaction-api-2.0.1.jar, /Users/ashaik/.m2/repository/org/antlr/antlr4-runtime/4.13.0/antlr4-runtime-4.13.0.jar, /Users/ashaik/.m2/repository/org/springframework/data/spring-data-jpa/3.2.2/spring-data-jpa-3.2.2.jar, /Users/ashaik/.m2/repository/org/springframework/data/spring-data-commons/3.2.2/spring-data-commons-3.2.2.jar, /Users/ashaik/.m2/repository/org/springframework/spring-orm/6.1.3/spring-orm-6.1.3.jar, /Users/ashaik/.m2/repository/org/springframework/spring-tx/6.1.3/spring-tx-6.1.3.jar, /Users/ashaik/.m2/repository/org/slf4j/slf4j-api/2.0.11/slf4j-api-2.0.11.jar, /Users/ashaik/.m2/repository/org/springframework/spring-aspects/6.1.3/spring-aspects-6.1.3.jar, /Users/ashaik/.m2/repository/org/springframework/boot/spring-boot-starter-actuator/3.2.2/spring-boot-starter-actuator-3.2.2.jar, /Users/ashaik/.m2/repository/org/springframework/boot/spring-boot-actuator-autoconfigure/3.2.2/spring-boot-actuator-autoconfigure-3.2.2.jar, /Users/ashaik/.m2/repository/org/springframework/boot/spring-boot-actuator/3.2.2/spring-boot-actuator-3.2.2.jar, /Users/ashaik/.m2/repository/io/micrometer/micrometer-observation/1.12.2/micrometer-observation-1.12.2.jar, /Users/ashaik/.m2/repository/io/micrometer/micrometer-commons/1.12.2/micrometer-commons-1.12.2.jar, /Users/ashaik/.m2/repository/io/micrometer/micrometer-jakarta9/1.12.2/micrometer-jakarta9-1.12.2.jar, /Users/ashaik/.m2/repository/io/micrometer/micrometer-core/1.12.2/micrometer-core-1.12.2.jar, /Users/ashaik/.m2/repository/org/springframework/boot/spring-boot-starter-cache/3.2.2/spring-boot-starter-cache-3.2.2.jar, /Users/ashaik/.m2/repository/org/springframework/spring-context-support/6.1.3/spring-context-support-6.1.3.jar, /Users/ashaik/.m2/repository/io/jsonwebtoken/jjwt-api/0.11.5/jjwt-api-0.11.5.jar, /Users/ashaik/.m2/repository/com/fasterxml/jackson/core/jackson-databind/2.15.3/jackson-databind-2.15.3.jar, /Users/ashaik/.m2/repository/com/fasterxml/jackson/core/jackson-annotations/2.15.3/jackson-annotations-2.15.3.jar, /Users/ashaik/.m2/repository/com/fasterxml/jackson/core/jackson-core/2.15.3/jackson-core-2.15.3.jar, /Users/ashaik/.m2/repository/com/bucket4j/bucket4j-core/8.7.0/bucket4j-core-8.7.0.jar, /Users/ashaik/.m2/repository/org/springdoc/springdoc-openapi-starter-webmvc-ui/2.3.0/springdoc-openapi-starter-webmvc-ui-2.3.0.jar, /Users/ashaik/.m2/repository/org/springdoc/springdoc-openapi-starter-webmvc-api/2.3.0/springdoc-openapi-starter-webmvc-api-2.3.0.jar, /Users/ashaik/.m2/repository/org/springdoc/springdoc-openapi-starter-common/2.3.0/springdoc-openapi-starter-common-2.3.0.jar, /Users/ashaik/.m2/repository/io/swagger/core/v3/swagger-core-jakarta/2.2.19/swagger-core-jakarta-2.2.19.jar, /Users/ashaik/.m2/repository/org/apache/commons/commons-lang3/3.13.0/commons-lang3-3.13.0.jar, /Users/ashaik/.m2/repository/io/swagger/core/v3/swagger-annotations-jakarta/2.2.19/swagger-annotations-jakarta-2.2.19.jar, /Users/ashaik/.m2/repository/io/swagger/core/v3/swagger-models-jakarta/2.2.19/swagger-models-jakarta-2.2.19.jar, /Users/ashaik/.m2/repository/com/fasterxml/jackson/dataformat/jackson-dataformat-yaml/2.15.3/jackson-dataformat-yaml-2.15.3.jar, /Users/ashaik/.m2/repository/org/webjars/swagger-ui/5.10.3/swagger-ui-5.10.3.jar, /Users/ashaik/.m2/repository/org/projectlombok/lombok/1.18.30/lombok-1.18.30.jar, /Users/ashaik/.m2/repository/jakarta/xml/bind/jakarta.xml.bind-api/4.0.1/jakarta.xml.bind-api-4.0.1.jar, /Users/ashaik/.m2/repository/jakarta/activation/jakarta.activation-api/2.1.2/jakarta.activation-api-2.1.2.jar, /Users/ashaik/.m2/repository/org/springframework/spring-core/6.1.3/spring-core-6.1.3.jar, /Users/ashaik/.m2/repository/org/springframework/spring-jcl/6.1.3/spring-jcl-6.1.3.jar, /Users/ashaik/.m2/repository/org/springframework/security/spring-security-core/6.2.1/spring-security-core-6.2.1.jar, /Users/ashaik/.m2/repository/org/springframework/security/spring-security-crypto/6.2.1/spring-security-crypto-6.2.1.jar]
[DEBUG]   (f) compileSourceRoots = [/Users/ashaik/Downloads/secure-ai-gateway/secure-ai-gateway/src/main/java]
[DEBUG]   (f) compilerId = javac
[DEBUG]   (f) createMissingPackageInfoClass = true
[DEBUG]   (f) debug = true
[DEBUG]   (f) debugFileName = javac
[DEBUG]   (f) enablePreview = false
[DEBUG]   (f) encoding = UTF-8
[DEBUG]   (f) failOnError = true
[DEBUG]   (f) failOnWarning = false
[DEBUG]   (f) forceJavacCompilerUse = false
[DEBUG]   (f) fork = false
[DEBUG]   (f) generatedSourcesDirectory = /Users/ashaik/Downloads/secure-ai-gateway/secure-ai-gateway/target/generated-sources/annotations
[DEBUG]   (f) mojoExecution = org.apache.maven.plugins:maven-compiler-plugin:3.11.0:compile {execution: default-compile}
[DEBUG]   (f) optimize = false
[DEBUG]   (f) outputDirectory = /Users/ashaik/Downloads/secure-ai-gateway/secure-ai-gateway/target/classes
[DEBUG]   (f) parameters = true
[DEBUG]   (f) project = MavenProject: com.secureai:secure-ai-gateway:1.0.0 @ /Users/ashaik/Downloads/secure-ai-gateway/secure-ai-gateway/pom.xml
[DEBUG]   (f) projectArtifact = com.secureai:secure-ai-gateway:jar:1.0.0
[DEBUG]   (s) release = 17
[DEBUG]   (f) session = org.apache.maven.execution.MavenSession@3dfa819
[DEBUG]   (f) showCompilationChanges = false
[DEBUG]   (f) showDeprecation = false
[DEBUG]   (f) showWarnings = true
[DEBUG]   (f) skipMultiThreadWarning = false
[DEBUG]   (f) source = 17
[DEBUG]   (f) staleMillis = 0
[DEBUG]   (s) target = 17
[DEBUG]   (f) useIncrementalCompilation = true
[DEBUG]   (f) verbose = false
[DEBUG] -- end configuration --
[DEBUG] Using compiler 'javac'.
[DEBUG] Adding /Users/ashaik/Downloads/secure-ai-gateway/secure-ai-gateway/target/generated-sources/annotations to compile source roots:
  /Users/ashaik/Downloads/secure-ai-gateway/secure-ai-gateway/src/main/java
[DEBUG] New compile source roots:
  /Users/ashaik/Downloads/secure-ai-gateway/secure-ai-gateway/src/main/java
  /Users/ashaik/Downloads/secure-ai-gateway/secure-ai-gateway/target/generated-sources/annotations
[DEBUG] Dependency collection stats {ConflictMarker.analyzeTime=142250, ConflictMarker.markTime=9541, ConflictMarker.nodeCount=2, ConflictIdSorter.graphTime=1917, ConflictIdSorter.topsortTime=4875, ConflictIdSorter.conflictIdCount=1, ConflictIdSorter.conflictIdCycleCount=0, ConflictResolver.totalTime=32709, ConflictResolver.conflictItemCount=1, DfDependencyCollector.collectTime=696625, DfDependencyCollector.transformTime=202417}
[DEBUG] CompilerReuseStrategy: reuseCreated
[DEBUG] useIncrementalCompilation enabled
[DEBUG] Stale source detected: /Users/ashaik/Downloads/secure-ai-gateway/secure-ai-gateway/src/main/java/com/secureai/dto/AskResponse.java
[DEBUG] Stale source detected: /Users/ashaik/Downloads/secure-ai-gateway/secure-ai-gateway/src/main/java/com/secureai/dto/LoginResponse.java
[DEBUG] Stale source detected: /Users/ashaik/Downloads/secure-ai-gateway/secure-ai-gateway/src/main/java/com/secureai/dto/ErrorResponse.java
[DEBUG] Stale source detected: /Users/ashaik/Downloads/secure-ai-gateway/secure-ai-gateway/src/main/java/com/secureai/exception/SecureAiException.java
[DEBUG] Stale source detected: /Users/ashaik/Downloads/secure-ai-gateway/secure-ai-gateway/src/main/java/com/secureai/util/JwtUtil.java
[DEBUG] Stale source detected: /Users/ashaik/Downloads/secure-ai-gateway/secure-ai-gateway/src/main/java/com/secureai/dto/AskRequest.java
[DEBUG] Stale source detected: /Users/ashaik/Downloads/secure-ai-gateway/secure-ai-gateway/src/main/java/com/secureai/config/SecurityConfig.java
[DEBUG] Stale source detected: /Users/ashaik/Downloads/secure-ai-gateway/secure-ai-gateway/src/main/java/com/secureai/service/OllamaService.java
[DEBUG] Stale source detected: /Users/ashaik/Downloads/secure-ai-gateway/secure-ai-gateway/src/main/java/com/secureai/service/RateLimitService.java
[DEBUG] Stale source detected: /Users/ashaik/Downloads/secure-ai-gateway/secure-ai-gateway/src/main/java/com/secureai/config/OpenAPIConfig.java
[DEBUG] Stale source detected: /Users/ashaik/Downloads/secure-ai-gateway/secure-ai-gateway/src/main/java/com/secureai/SecureAiGatewayApplication.java
[DEBUG] Stale source detected: /Users/ashaik/Downloads/secure-ai-gateway/secure-ai-gateway/src/main/java/com/secureai/service/PiiRedactionService.java
[DEBUG] Stale source detected: /Users/ashaik/Downloads/secure-ai-gateway/secure-ai-gateway/src/main/java/com/secureai/exception/Exceptions.java
[DEBUG] Stale source detected: /Users/ashaik/Downloads/secure-ai-gateway/secure-ai-gateway/src/main/java/com/secureai/controller/AskController.java
[DEBUG] Stale source detected: /Users/ashaik/Downloads/secure-ai-gateway/secure-ai-gateway/src/main/java/com/secureai/exception/GlobalExceptionHandler.java
[DEBUG] Stale source detected: /Users/ashaik/Downloads/secure-ai-gateway/secure-ai-gateway/src/main/java/com/secureai/controller/AuthController.java
[DEBUG] Stale source detected: /Users/ashaik/Downloads/secure-ai-gateway/secure-ai-gateway/src/main/java/com/secureai/dto/LoginRequest.java
[DEBUG] Stale source detected: /Users/ashaik/Downloads/secure-ai-gateway/secure-ai-gateway/src/main/java/com/secureai/filter/JwtAuthenticationFilter.java
[INFO] Changes detected - recompiling the module! :source
[DEBUG] Classpath:
[DEBUG]  /Users/ashaik/Downloads/secure-ai-gateway/secure-ai-gateway/target/classes
[DEBUG]  /Users/ashaik/.m2/repository/org/springframework/boot/spring-boot-starter-web/3.2.2/spring-boot-starter-web-3.2.2.jar
[DEBUG]  /Users/ashaik/.m2/repository/org/springframework/boot/spring-boot-starter/3.2.2/spring-boot-starter-3.2.2.jar
[DEBUG]  /Users/ashaik/.m2/repository/org/springframework/boot/spring-boot/3.2.2/spring-boot-3.2.2.jar
[DEBUG]  /Users/ashaik/.m2/repository/org/springframework/boot/spring-boot-autoconfigure/3.2.2/spring-boot-autoconfigure-3.2.2.jar
[DEBUG]  /Users/ashaik/.m2/repository/org/springframework/boot/spring-boot-starter-logging/3.2.2/spring-boot-starter-logging-3.2.2.jar
[DEBUG]  /Users/ashaik/.m2/repository/ch/qos/logback/logback-classic/1.4.14/logback-classic-1.4.14.jar
[DEBUG]  /Users/ashaik/.m2/repository/ch/qos/logback/logback-core/1.4.14/logback-core-1.4.14.jar
[DEBUG]  /Users/ashaik/.m2/repository/org/apache/logging/log4j/log4j-to-slf4j/2.21.1/log4j-to-slf4j-2.21.1.jar
[DEBUG]  /Users/ashaik/.m2/repository/org/apache/logging/log4j/log4j-api/2.21.1/log4j-api-2.21.1.jar
[DEBUG]  /Users/ashaik/.m2/repository/org/slf4j/jul-to-slf4j/2.0.11/jul-to-slf4j-2.0.11.jar
[DEBUG]  /Users/ashaik/.m2/repository/jakarta/annotation/jakarta.annotation-api/2.1.1/jakarta.annotation-api-2.1.1.jar
[DEBUG]  /Users/ashaik/.m2/repository/org/yaml/snakeyaml/2.2/snakeyaml-2.2.jar
[DEBUG]  /Users/ashaik/.m2/repository/org/springframework/boot/spring-boot-starter-json/3.2.2/spring-boot-starter-json-3.2.2.jar
[DEBUG]  /Users/ashaik/.m2/repository/com/fasterxml/jackson/datatype/jackson-datatype-jdk8/2.15.3/jackson-datatype-jdk8-2.15.3.jar
[DEBUG]  /Users/ashaik/.m2/repository/com/fasterxml/jackson/datatype/jackson-datatype-jsr310/2.15.3/jackson-datatype-jsr310-2.15.3.jar
[DEBUG]  /Users/ashaik/.m2/repository/com/fasterxml/jackson/module/jackson-module-parameter-names/2.15.3/jackson-module-parameter-names-2.15.3.jar
[DEBUG]  /Users/ashaik/.m2/repository/org/springframework/boot/spring-boot-starter-tomcat/3.2.2/spring-boot-starter-tomcat-3.2.2.jar
[DEBUG]  /Users/ashaik/.m2/repository/org/apache/tomcat/embed/tomcat-embed-core/10.1.18/tomcat-embed-core-10.1.18.jar
[DEBUG]  /Users/ashaik/.m2/repository/org/apache/tomcat/embed/tomcat-embed-websocket/10.1.18/tomcat-embed-websocket-10.1.18.jar
[DEBUG]  /Users/ashaik/.m2/repository/org/springframework/spring-web/6.1.3/spring-web-6.1.3.jar
[DEBUG]  /Users/ashaik/.m2/repository/org/springframework/spring-beans/6.1.3/spring-beans-6.1.3.jar
[DEBUG]  /Users/ashaik/.m2/repository/org/springframework/spring-webmvc/6.1.3/spring-webmvc-6.1.3.jar
[DEBUG]  /Users/ashaik/.m2/repository/org/springframework/spring-context/6.1.3/spring-context-6.1.3.jar
[DEBUG]  /Users/ashaik/.m2/repository/org/springframework/spring-expression/6.1.3/spring-expression-6.1.3.jar
[DEBUG]  /Users/ashaik/.m2/repository/org/springframework/boot/spring-boot-starter-validation/3.2.2/spring-boot-starter-validation-3.2.2.jar
[DEBUG]  /Users/ashaik/.m2/repository/org/apache/tomcat/embed/tomcat-embed-el/10.1.18/tomcat-embed-el-10.1.18.jar
[DEBUG]  /Users/ashaik/.m2/repository/org/hibernate/validator/hibernate-validator/8.0.1.Final/hibernate-validator-8.0.1.Final.jar
[DEBUG]  /Users/ashaik/.m2/repository/jakarta/validation/jakarta.validation-api/3.0.2/jakarta.validation-api-3.0.2.jar
[DEBUG]  /Users/ashaik/.m2/repository/org/jboss/logging/jboss-logging/3.5.3.Final/jboss-logging-3.5.3.Final.jar
[DEBUG]  /Users/ashaik/.m2/repository/com/fasterxml/classmate/1.6.0/classmate-1.6.0.jar
[DEBUG]  /Users/ashaik/.m2/repository/org/springframework/boot/spring-boot-starter-security/3.2.2/spring-boot-starter-security-3.2.2.jar
[DEBUG]  /Users/ashaik/.m2/repository/org/springframework/spring-aop/6.1.3/spring-aop-6.1.3.jar
[DEBUG]  /Users/ashaik/.m2/repository/org/springframework/security/spring-security-config/6.2.1/spring-security-config-6.2.1.jar
[DEBUG]  /Users/ashaik/.m2/repository/org/springframework/security/spring-security-web/6.2.1/spring-security-web-6.2.1.jar
[DEBUG]  /Users/ashaik/.m2/repository/org/springframework/boot/spring-boot-starter-data-jpa/3.2.2/spring-boot-starter-data-jpa-3.2.2.jar
[DEBUG]  /Users/ashaik/.m2/repository/org/springframework/boot/spring-boot-starter-aop/3.2.2/spring-boot-starter-aop-3.2.2.jar
[DEBUG]  /Users/ashaik/.m2/repository/org/aspectj/aspectjweaver/1.9.21/aspectjweaver-1.9.21.jar
[DEBUG]  /Users/ashaik/.m2/repository/org/springframework/boot/spring-boot-starter-jdbc/3.2.2/spring-boot-starter-jdbc-3.2.2.jar
[DEBUG]  /Users/ashaik/.m2/repository/com/zaxxer/HikariCP/5.0.1/HikariCP-5.0.1.jar
[DEBUG]  /Users/ashaik/.m2/repository/org/springframework/spring-jdbc/6.1.3/spring-jdbc-6.1.3.jar
[DEBUG]  /Users/ashaik/.m2/repository/org/hibernate/orm/hibernate-core/6.4.1.Final/hibernate-core-6.4.1.Final.jar
[DEBUG]  /Users/ashaik/.m2/repository/jakarta/persistence/jakarta.persistence-api/3.1.0/jakarta.persistence-api-3.1.0.jar
[DEBUG]  /Users/ashaik/.m2/repository/jakarta/transaction/jakarta.transaction-api/2.0.1/jakarta.transaction-api-2.0.1.jar
[DEBUG]  /Users/ashaik/.m2/repository/org/antlr/antlr4-runtime/4.13.0/antlr4-runtime-4.13.0.jar
[DEBUG]  /Users/ashaik/.m2/repository/org/springframework/data/spring-data-jpa/3.2.2/spring-data-jpa-3.2.2.jar
[DEBUG]  /Users/ashaik/.m2/repository/org/springframework/data/spring-data-commons/3.2.2/spring-data-commons-3.2.2.jar
[DEBUG]  /Users/ashaik/.m2/repository/org/springframework/spring-orm/6.1.3/spring-orm-6.1.3.jar
[DEBUG]  /Users/ashaik/.m2/repository/org/springframework/spring-tx/6.1.3/spring-tx-6.1.3.jar
[DEBUG]  /Users/ashaik/.m2/repository/org/slf4j/slf4j-api/2.0.11/slf4j-api-2.0.11.jar
[DEBUG]  /Users/ashaik/.m2/repository/org/springframework/spring-aspects/6.1.3/spring-aspects-6.1.3.jar
[DEBUG]  /Users/ashaik/.m2/repository/org/springframework/boot/spring-boot-starter-actuator/3.2.2/spring-boot-starter-actuator-3.2.2.jar
[DEBUG]  /Users/ashaik/.m2/repository/org/springframework/boot/spring-boot-actuator-autoconfigure/3.2.2/spring-boot-actuator-autoconfigure-3.2.2.jar
[DEBUG]  /Users/ashaik/.m2/repository/org/springframework/boot/spring-boot-actuator/3.2.2/spring-boot-actuator-3.2.2.jar
[DEBUG]  /Users/ashaik/.m2/repository/io/micrometer/micrometer-observation/1.12.2/micrometer-observation-1.12.2.jar
[DEBUG]  /Users/ashaik/.m2/repository/io/micrometer/micrometer-commons/1.12.2/micrometer-commons-1.12.2.jar
[DEBUG]  /Users/ashaik/.m2/repository/io/micrometer/micrometer-jakarta9/1.12.2/micrometer-jakarta9-1.12.2.jar
[DEBUG]  /Users/ashaik/.m2/repository/io/micrometer/micrometer-core/1.12.2/micrometer-core-1.12.2.jar
[DEBUG]  /Users/ashaik/.m2/repository/org/springframework/boot/spring-boot-starter-cache/3.2.2/spring-boot-starter-cache-3.2.2.jar
[DEBUG]  /Users/ashaik/.m2/repository/org/springframework/spring-context-support/6.1.3/spring-context-support-6.1.3.jar
[DEBUG]  /Users/ashaik/.m2/repository/io/jsonwebtoken/jjwt-api/0.11.5/jjwt-api-0.11.5.jar
[DEBUG]  /Users/ashaik/.m2/repository/com/fasterxml/jackson/core/jackson-databind/2.15.3/jackson-databind-2.15.3.jar
[DEBUG]  /Users/ashaik/.m2/repository/com/fasterxml/jackson/core/jackson-annotations/2.15.3/jackson-annotations-2.15.3.jar
[DEBUG]  /Users/ashaik/.m2/repository/com/fasterxml/jackson/core/jackson-core/2.15.3/jackson-core-2.15.3.jar
[DEBUG]  /Users/ashaik/.m2/repository/com/bucket4j/bucket4j-core/8.7.0/bucket4j-core-8.7.0.jar
[DEBUG]  /Users/ashaik/.m2/repository/org/springdoc/springdoc-openapi-starter-webmvc-ui/2.3.0/springdoc-openapi-starter-webmvc-ui-2.3.0.jar
[DEBUG]  /Users/ashaik/.m2/repository/org/springdoc/springdoc-openapi-starter-webmvc-api/2.3.0/springdoc-openapi-starter-webmvc-api-2.3.0.jar
[DEBUG]  /Users/ashaik/.m2/repository/org/springdoc/springdoc-openapi-starter-common/2.3.0/springdoc-openapi-starter-common-2.3.0.jar
[DEBUG]  /Users/ashaik/.m2/repository/io/swagger/core/v3/swagger-core-jakarta/2.2.19/swagger-core-jakarta-2.2.19.jar
[DEBUG]  /Users/ashaik/.m2/repository/org/apache/commons/commons-lang3/3.13.0/commons-lang3-3.13.0.jar
[DEBUG]  /Users/ashaik/.m2/repository/io/swagger/core/v3/swagger-annotations-jakarta/2.2.19/swagger-annotations-jakarta-2.2.19.jar
[DEBUG]  /Users/ashaik/.m2/repository/io/swagger/core/v3/swagger-models-jakarta/2.2.19/swagger-models-jakarta-2.2.19.jar
[DEBUG]  /Users/ashaik/.m2/repository/com/fasterxml/jackson/dataformat/jackson-dataformat-yaml/2.15.3/jackson-dataformat-yaml-2.15.3.jar
[DEBUG]  /Users/ashaik/.m2/repository/org/webjars/swagger-ui/5.10.3/swagger-ui-5.10.3.jar
[DEBUG]  /Users/ashaik/.m2/repository/org/projectlombok/lombok/1.18.30/lombok-1.18.30.jar
[DEBUG]  /Users/ashaik/.m2/repository/jakarta/xml/bind/jakarta.xml.bind-api/4.0.1/jakarta.xml.bind-api-4.0.1.jar
[DEBUG]  /Users/ashaik/.m2/repository/jakarta/activation/jakarta.activation-api/2.1.2/jakarta.activation-api-2.1.2.jar
[DEBUG]  /Users/ashaik/.m2/repository/org/springframework/spring-core/6.1.3/spring-core-6.1.3.jar
[DEBUG]  /Users/ashaik/.m2/repository/org/springframework/spring-jcl/6.1.3/spring-jcl-6.1.3.jar
[DEBUG]  /Users/ashaik/.m2/repository/org/springframework/security/spring-security-core/6.2.1/spring-security-core-6.2.1.jar
[DEBUG]  /Users/ashaik/.m2/repository/org/springframework/security/spring-security-crypto/6.2.1/spring-security-crypto-6.2.1.jar
[DEBUG] Source roots:
[DEBUG]  /Users/ashaik/Downloads/secure-ai-gateway/secure-ai-gateway/src/main/java
[DEBUG]  /Users/ashaik/Downloads/secure-ai-gateway/secure-ai-gateway/target/generated-sources/annotations
[DEBUG] Command line options:
[DEBUG] -d /Users/ashaik/Downloads/secure-ai-gateway/secure-ai-gateway/target/classes -classpath /Users/ashaik/Downloads/secure-ai-gateway/secure-ai-gateway/target/classes:/Users/ashaik/.m2/repository/org/springframework/boot/spring-boot-starter-web/3.2.2/spring-boot-starter-web-3.2.2.jar:/Users/ashaik/.m2/repository/org/springframework/boot/spring-boot-starter/3.2.2/spring-boot-starter-3.2.2.jar:/Users/ashaik/.m2/repository/org/springframework/boot/spring-boot/3.2.2/spring-boot-3.2.2.jar:/Users/ashaik/.m2/repository/org/springframework/boot/spring-boot-autoconfigure/3.2.2/spring-boot-autoconfigure-3.2.2.jar:/Users/ashaik/.m2/repository/org/springframework/boot/spring-boot-starter-logging/3.2.2/spring-boot-starter-logging-3.2.2.jar:/Users/ashaik/.m2/repository/ch/qos/logback/logback-classic/1.4.14/logback-classic-1.4.14.jar:/Users/ashaik/.m2/repository/ch/qos/logback/logback-core/1.4.14/logback-core-1.4.14.jar:/Users/ashaik/.m2/repository/org/apache/logging/log4j/log4j-to-slf4j/2.21.1/log4j-to-slf4j-2.21.1.jar:/Users/ashaik/.m2/repository/org/apache/logging/log4j/log4j-api/2.21.1/log4j-api-2.21.1.jar:/Users/ashaik/.m2/repository/org/slf4j/jul-to-slf4j/2.0.11/jul-to-slf4j-2.0.11.jar:/Users/ashaik/.m2/repository/jakarta/annotation/jakarta.annotation-api/2.1.1/jakarta.annotation-api-2.1.1.jar:/Users/ashaik/.m2/repository/org/yaml/snakeyaml/2.2/snakeyaml-2.2.jar:/Users/ashaik/.m2/repository/org/springframework/boot/spring-boot-starter-json/3.2.2/spring-boot-starter-json-3.2.2.jar:/Users/ashaik/.m2/repository/com/fasterxml/jackson/datatype/jackson-datatype-jdk8/2.15.3/jackson-datatype-jdk8-2.15.3.jar:/Users/ashaik/.m2/repository/com/fasterxml/jackson/datatype/jackson-datatype-jsr310/2.15.3/jackson-datatype-jsr310-2.15.3.jar:/Users/ashaik/.m2/repository/com/fasterxml/jackson/module/jackson-module-parameter-names/2.15.3/jackson-module-parameter-names-2.15.3.jar:/Users/ashaik/.m2/repository/org/springframework/boot/spring-boot-starter-tomcat/3.2.2/spring-boot-starter-tomcat-3.2.2.jar:/Users/ashaik/.m2/repository/org/apache/tomcat/embed/tomcat-embed-core/10.1.18/tomcat-embed-core-10.1.18.jar:/Users/ashaik/.m2/repository/org/apache/tomcat/embed/tomcat-embed-websocket/10.1.18/tomcat-embed-websocket-10.1.18.jar:/Users/ashaik/.m2/repository/org/springframework/spring-web/6.1.3/spring-web-6.1.3.jar:/Users/ashaik/.m2/repository/org/springframework/spring-beans/6.1.3/spring-beans-6.1.3.jar:/Users/ashaik/.m2/repository/org/springframework/spring-webmvc/6.1.3/spring-webmvc-6.1.3.jar:/Users/ashaik/.m2/repository/org/springframework/spring-context/6.1.3/spring-context-6.1.3.jar:/Users/ashaik/.m2/repository/org/springframework/spring-expression/6.1.3/spring-expression-6.1.3.jar:/Users/ashaik/.m2/repository/org/springframework/boot/spring-boot-starter-validation/3.2.2/spring-boot-starter-validation-3.2.2.jar:/Users/ashaik/.m2/repository/org/apache/tomcat/embed/tomcat-embed-el/10.1.18/tomcat-embed-el-10.1.18.jar:/Users/ashaik/.m2/repository/org/hibernate/validator/hibernate-validator/8.0.1.Final/hibernate-validator-8.0.1.Final.jar:/Users/ashaik/.m2/repository/jakarta/validation/jakarta.validation-api/3.0.2/jakarta.validation-api-3.0.2.jar:/Users/ashaik/.m2/repository/org/jboss/logging/jboss-logging/3.5.3.Final/jboss-logging-3.5.3.Final.jar:/Users/ashaik/.m2/repository/com/fasterxml/classmate/1.6.0/classmate-1.6.0.jar:/Users/ashaik/.m2/repository/org/springframework/boot/spring-boot-starter-security/3.2.2/spring-boot-starter-security-3.2.2.jar:/Users/ashaik/.m2/repository/org/springframework/spring-aop/6.1.3/spring-aop-6.1.3.jar:/Users/ashaik/.m2/repository/org/springframework/security/spring-security-config/6.2.1/spring-security-config-6.2.1.jar:/Users/ashaik/.m2/repository/org/springframework/security/spring-security-web/6.2.1/spring-security-web-6.2.1.jar:/Users/ashaik/.m2/repository/org/springframework/boot/spring-boot-starter-data-jpa/3.2.2/spring-boot-starter-data-jpa-3.2.2.jar:/Users/ashaik/.m2/repository/org/springframework/boot/spring-boot-starter-aop/3.2.2/spring-boot-starter-aop-3.2.2.jar:/Users/ashaik/.m2/repository/org/aspectj/aspectjweaver/1.9.21/aspectjweaver-1.9.21.jar:/Users/ashaik/.m2/repository/org/springframework/boot/spring-boot-starter-jdbc/3.2.2/spring-boot-starter-jdbc-3.2.2.jar:/Users/ashaik/.m2/repository/com/zaxxer/HikariCP/5.0.1/HikariCP-5.0.1.jar:/Users/ashaik/.m2/repository/org/springframework/spring-jdbc/6.1.3/spring-jdbc-6.1.3.jar:/Users/ashaik/.m2/repository/org/hibernate/orm/hibernate-core/6.4.1.Final/hibernate-core-6.4.1.Final.jar:/Users/ashaik/.m2/repository/jakarta/persistence/jakarta.persistence-api/3.1.0/jakarta.persistence-api-3.1.0.jar:/Users/ashaik/.m2/repository/jakarta/transaction/jakarta.transaction-api/2.0.1/jakarta.transaction-api-2.0.1.jar:/Users/ashaik/.m2/repository/org/antlr/antlr4-runtime/4.13.0/antlr4-runtime-4.13.0.jar:/Users/ashaik/.m2/repository/org/springframework/data/spring-data-jpa/3.2.2/spring-data-jpa-3.2.2.jar:/Users/ashaik/.m2/repository/org/springframework/data/spring-data-commons/3.2.2/spring-data-commons-3.2.2.jar:/Users/ashaik/.m2/repository/org/springframework/spring-orm/6.1.3/spring-orm-6.1.3.jar:/Users/ashaik/.m2/repository/org/springframework/spring-tx/6.1.3/spring-tx-6.1.3.jar:/Users/ashaik/.m2/repository/org/slf4j/slf4j-api/2.0.11/slf4j-api-2.0.11.jar:/Users/ashaik/.m2/repository/org/springframework/spring-aspects/6.1.3/spring-aspects-6.1.3.jar:/Users/ashaik/.m2/repository/org/springframework/boot/spring-boot-starter-actuator/3.2.2/spring-boot-starter-actuator-3.2.2.jar:/Users/ashaik/.m2/repository/org/springframework/boot/spring-boot-actuator-autoconfigure/3.2.2/spring-boot-actuator-autoconfigure-3.2.2.jar:/Users/ashaik/.m2/repository/org/springframework/boot/spring-boot-actuator/3.2.2/spring-boot-actuator-3.2.2.jar:/Users/ashaik/.m2/repository/io/micrometer/micrometer-observation/1.12.2/micrometer-observation-1.12.2.jar:/Users/ashaik/.m2/repository/io/micrometer/micrometer-commons/1.12.2/micrometer-commons-1.12.2.jar:/Users/ashaik/.m2/repository/io/micrometer/micrometer-jakarta9/1.12.2/micrometer-jakarta9-1.12.2.jar:/Users/ashaik/.m2/repository/io/micrometer/micrometer-core/1.12.2/micrometer-core-1.12.2.jar:/Users/ashaik/.m2/repository/org/springframework/boot/spring-boot-starter-cache/3.2.2/spring-boot-starter-cache-3.2.2.jar:/Users/ashaik/.m2/repository/org/springframework/spring-context-support/6.1.3/spring-context-support-6.1.3.jar:/Users/ashaik/.m2/repository/io/jsonwebtoken/jjwt-api/0.11.5/jjwt-api-0.11.5.jar:/Users/ashaik/.m2/repository/com/fasterxml/jackson/core/jackson-databind/2.15.3/jackson-databind-2.15.3.jar:/Users/ashaik/.m2/repository/com/fasterxml/jackson/core/jackson-annotations/2.15.3/jackson-annotations-2.15.3.jar:/Users/ashaik/.m2/repository/com/fasterxml/jackson/core/jackson-core/2.15.3/jackson-core-2.15.3.jar:/Users/ashaik/.m2/repository/com/bucket4j/bucket4j-core/8.7.0/bucket4j-core-8.7.0.jar:/Users/ashaik/.m2/repository/org/springdoc/springdoc-openapi-starter-webmvc-ui/2.3.0/springdoc-openapi-starter-webmvc-ui-2.3.0.jar:/Users/ashaik/.m2/repository/org/springdoc/springdoc-openapi-starter-webmvc-api/2.3.0/springdoc-openapi-starter-webmvc-api-2.3.0.jar:/Users/ashaik/.m2/repository/org/springdoc/springdoc-openapi-starter-common/2.3.0/springdoc-openapi-starter-common-2.3.0.jar:/Users/ashaik/.m2/repository/io/swagger/core/v3/swagger-core-jakarta/2.2.19/swagger-core-jakarta-2.2.19.jar:/Users/ashaik/.m2/repository/org/apache/commons/commons-lang3/3.13.0/commons-lang3-3.13.0.jar:/Users/ashaik/.m2/repository/io/swagger/core/v3/swagger-annotations-jakarta/2.2.19/swagger-annotations-jakarta-2.2.19.jar:/Users/ashaik/.m2/repository/io/swagger/core/v3/swagger-models-jakarta/2.2.19/swagger-models-jakarta-2.2.19.jar:/Users/ashaik/.m2/repository/com/fasterxml/jackson/dataformat/jackson-dataformat-yaml/2.15.3/jackson-dataformat-yaml-2.15.3.jar:/Users/ashaik/.m2/repository/org/webjars/swagger-ui/5.10.3/swagger-ui-5.10.3.jar:/Users/ashaik/.m2/repository/org/projectlombok/lombok/1.18.30/lombok-1.18.30.jar:/Users/ashaik/.m2/repository/jakarta/xml/bind/jakarta.xml.bind-api/4.0.1/jakarta.xml.bind-api-4.0.1.jar:/Users/ashaik/.m2/repository/jakarta/activation/jakarta.activation-api/2.1.2/jakarta.activation-api-2.1.2.jar:/Users/ashaik/.m2/repository/org/springframework/spring-core/6.1.3/spring-core-6.1.3.jar:/Users/ashaik/.m2/repository/org/springframework/spring-jcl/6.1.3/spring-jcl-6.1.3.jar:/Users/ashaik/.m2/repository/org/springframework/security/spring-security-core/6.2.1/spring-security-core-6.2.1.jar:/Users/ashaik/.m2/repository/org/springframework/security/spring-security-crypto/6.2.1/spring-security-crypto-6.2.1.jar: -sourcepath /Users/ashaik/Downloads/secure-ai-gateway/secure-ai-gateway/src/main/java:/Users/ashaik/Downloads/secure-ai-gateway/secure-ai-gateway/target/generated-sources/annotations: -s /Users/ashaik/Downloads/secure-ai-gateway/secure-ai-gateway/target/generated-sources/annotations -processorpath /Users/ashaik/.m2/repository/org/projectlombok/lombok/1.18.30/lombok-1.18.30.jar: -g -parameters --release 17 -encoding UTF-8
[DEBUG] incrementalBuildHelper#beforeRebuildExecution
[INFO] Compiling 18 source files with javac [debug release 17] to target/classes
[DEBUG] incrementalBuildHelper#afterRebuildExecution
[INFO] /Users/ashaik/Downloads/secure-ai-gateway/secure-ai-gateway/src/main/java/com/secureai/service/RateLimitService.java: /Users/ashaik/Downloads/secure-ai-gateway/secure-ai-gateway/src/main/java/com/secureai/service/RateLimitService.java uses or overrides a deprecated API.
[INFO] /Users/ashaik/Downloads/secure-ai-gateway/secure-ai-gateway/src/main/java/com/secureai/service/RateLimitService.java: Recompile with -Xlint:deprecation for details.
[INFO] Some messages have been simplified; recompile with -Xdiags:verbose to get full output
[INFO] -------------------------------------------------------------
[ERROR] COMPILATION ERROR :
[INFO] -------------------------------------------------------------
[ERROR] /Users/ashaik/Downloads/secure-ai-gateway/secure-ai-gateway/src/main/java/com/secureai/exception/Exceptions.java:[6,8] class AuthenticationException is public, should be declared in a file named AuthenticationException.java
[ERROR] /Users/ashaik/Downloads/secure-ai-gateway/secure-ai-gateway/src/main/java/com/secureai/util/JwtUtil.java:[39,13] cannot find symbol
  symbol:   variable log
  location: class com.secureai.util.JwtUtil
[ERROR] /Users/ashaik/Downloads/secure-ai-gateway/secure-ai-gateway/src/main/java/com/secureai/util/JwtUtil.java:[44,9] cannot find symbol
  symbol:   variable log
  location: class com.secureai.util.JwtUtil
[ERROR] /Users/ashaik/Downloads/secure-ai-gateway/secure-ai-gateway/src/main/java/com/secureai/util/JwtUtil.java:[69,9] cannot find symbol
  symbol:   variable log
  location: class com.secureai.util.JwtUtil
[ERROR] /Users/ashaik/Downloads/secure-ai-gateway/secure-ai-gateway/src/main/java/com/secureai/util/JwtUtil.java:[90,13] cannot find symbol
  symbol:   variable log
  location: class com.secureai.util.JwtUtil
[ERROR] /Users/ashaik/Downloads/secure-ai-gateway/secure-ai-gateway/src/main/java/com/secureai/util/JwtUtil.java:[109,13] cannot find symbol
  symbol:   variable log
  location: class com.secureai.util.JwtUtil
[ERROR] /Users/ashaik/Downloads/secure-ai-gateway/secure-ai-gateway/src/main/java/com/secureai/util/JwtUtil.java:[112,13] cannot find symbol
  symbol:   variable log
  location: class com.secureai.util.JwtUtil
[ERROR] /Users/ashaik/Downloads/secure-ai-gateway/secure-ai-gateway/src/main/java/com/secureai/util/JwtUtil.java:[114,13] cannot find symbol
  symbol:   variable log
  location: class com.secureai.util.JwtUtil
[ERROR] /Users/ashaik/Downloads/secure-ai-gateway/secure-ai-gateway/src/main/java/com/secureai/util/JwtUtil.java:[116,13] cannot find symbol
  symbol:   variable log
  location: class com.secureai.util.JwtUtil
[ERROR] /Users/ashaik/Downloads/secure-ai-gateway/secure-ai-gateway/src/main/java/com/secureai/util/JwtUtil.java:[118,13] cannot find symbol
  symbol:   variable log
  location: class com.secureai.util.JwtUtil
[ERROR] /Users/ashaik/Downloads/secure-ai-gateway/secure-ai-gateway/src/main/java/com/secureai/util/JwtUtil.java:[120,13] cannot find symbol
  symbol:   variable log
  location: class com.secureai.util.JwtUtil
[ERROR] /Users/ashaik/Downloads/secure-ai-gateway/secure-ai-gateway/src/main/java/com/secureai/util/JwtUtil.java:[141,13] cannot find symbol
  symbol:   variable log
  location: class com.secureai.util.JwtUtil
[ERROR] /Users/ashaik/Downloads/secure-ai-gateway/secure-ai-gateway/src/main/java/com/secureai/service/OllamaService.java:[57,9] cannot find symbol
  symbol:   variable log
  location: class com.secureai.service.OllamaService
[ERROR] /Users/ashaik/Downloads/secure-ai-gateway/secure-ai-gateway/src/main/java/com/secureai/service/OllamaService.java:[71,17] cannot find symbol
  symbol:   variable log
  location: class com.secureai.service.OllamaService
[ERROR] /Users/ashaik/Downloads/secure-ai-gateway/secure-ai-gateway/src/main/java/com/secureai/service/OllamaService.java:[76,21] cannot find symbol
  symbol:   variable log
  location: class com.secureai.service.OllamaService
[ERROR] /Users/ashaik/Downloads/secure-ai-gateway/secure-ai-gateway/src/main/java/com/secureai/service/OllamaService.java:[82,17] cannot find symbol
  symbol:   variable log
  location: class com.secureai.service.OllamaService
[ERROR] /Users/ashaik/Downloads/secure-ai-gateway/secure-ai-gateway/src/main/java/com/secureai/service/OllamaService.java:[96,9] cannot find symbol
  symbol:   variable log
  location: class com.secureai.service.OllamaService
[ERROR] /Users/ashaik/Downloads/secure-ai-gateway/secure-ai-gateway/src/main/java/com/secureai/service/OllamaService.java:[118,13] cannot find symbol
  symbol:   variable log
  location: class com.secureai.service.OllamaService
[ERROR] /Users/ashaik/Downloads/secure-ai-gateway/secure-ai-gateway/src/main/java/com/secureai/service/OllamaService.java:[142,13] cannot find symbol
  symbol:   variable log
  location: class com.secureai.service.OllamaService
[ERROR] /Users/ashaik/Downloads/secure-ai-gateway/secure-ai-gateway/src/main/java/com/secureai/service/OllamaService.java:[146,13] cannot find symbol
  symbol:   variable log
  location: class com.secureai.service.OllamaService
[ERROR] /Users/ashaik/Downloads/secure-ai-gateway/secure-ai-gateway/src/main/java/com/secureai/service/OllamaService.java:[163,13] cannot find symbol
  symbol:   variable log
  location: class com.secureai.service.OllamaService
[ERROR] /Users/ashaik/Downloads/secure-ai-gateway/secure-ai-gateway/src/main/java/com/secureai/service/RateLimitService.java:[51,13] cannot find symbol
  symbol:   variable log
  location: class com.secureai.service.RateLimitService
[ERROR] /Users/ashaik/Downloads/secure-ai-gateway/secure-ai-gateway/src/main/java/com/secureai/service/RateLimitService.java:[53,13] cannot find symbol
  symbol:   variable log
  location: class com.secureai.service.RateLimitService
[ERROR] /Users/ashaik/Downloads/secure-ai-gateway/secure-ai-gateway/src/main/java/com/secureai/service/RateLimitService.java:[107,9] cannot find symbol
  symbol:   variable log
  location: class com.secureai.service.RateLimitService
[ERROR] /Users/ashaik/Downloads/secure-ai-gateway/secure-ai-gateway/src/main/java/com/secureai/config/SecurityConfig.java:[75,63] incompatible types: java.lang.String cannot be converted to org.springframework.security.web.header.writers.XXssProtectionHeaderWriter.HeaderValue
[ERROR] /Users/ashaik/Downloads/secure-ai-gateway/secure-ai-gateway/src/main/java/com/secureai/filter/JwtAuthenticationFilter.java:[58,21] cannot find symbol
  symbol:   variable log
  location: class com.secureai.filter.JwtAuthenticationFilter
[ERROR] /Users/ashaik/Downloads/secure-ai-gateway/secure-ai-gateway/src/main/java/com/secureai/filter/JwtAuthenticationFilter.java:[62,13] cannot find symbol
  symbol:   variable log
  location: class com.secureai.filter.JwtAuthenticationFilter
[ERROR] /Users/ashaik/Downloads/secure-ai-gateway/secure-ai-gateway/src/main/java/com/secureai/service/PiiRedactionService.java:[95,13] cannot find symbol
  symbol:   variable log
  location: class com.secureai.service.PiiRedactionService
[ERROR] /Users/ashaik/Downloads/secure-ai-gateway/secure-ai-gateway/src/main/java/com/secureai/service/PiiRedactionService.java:[119,13] cannot find symbol
  symbol:   variable log
  location: class com.secureai.service.PiiRedactionService
[ERROR] /Users/ashaik/Downloads/secure-ai-gateway/secure-ai-gateway/src/main/java/com/secureai/controller/AuthController.java:[56,9] cannot find symbol
  symbol:   variable log
  location: class com.secureai.controller.AuthController
[ERROR] /Users/ashaik/Downloads/secure-ai-gateway/secure-ai-gateway/src/main/java/com/secureai/controller/AuthController.java:[56,55] cannot find symbol
  symbol:   method getUsername()
  location: variable request of type @jakarta.validation.Valid com.secureai.dto.LoginRequest
[ERROR] /Users/ashaik/Downloads/secure-ai-gateway/secure-ai-gateway/src/main/java/com/secureai/controller/AuthController.java:[61,46] cannot find symbol
  symbol:   method getUsername()
  location: variable request of type @jakarta.validation.Valid com.secureai.dto.LoginRequest
[ERROR] /Users/ashaik/Downloads/secure-ai-gateway/secure-ai-gateway/src/main/java/com/secureai/controller/AuthController.java:[62,17] cannot find symbol
  symbol:   variable log
  location: class com.secureai.controller.AuthController
[ERROR] /Users/ashaik/Downloads/secure-ai-gateway/secure-ai-gateway/src/main/java/com/secureai/controller/AuthController.java:[62,71] cannot find symbol
  symbol:   method getUsername()
  location: variable request of type @jakarta.validation.Valid com.secureai.dto.LoginRequest
[ERROR] /Users/ashaik/Downloads/secure-ai-gateway/secure-ai-gateway/src/main/java/com/secureai/controller/AuthController.java:[68,46] cannot find symbol
  symbol:   method getPassword()
  location: variable request of type @jakarta.validation.Valid com.secureai.dto.LoginRequest
[ERROR] /Users/ashaik/Downloads/secure-ai-gateway/secure-ai-gateway/src/main/java/com/secureai/controller/AuthController.java:[69,17] cannot find symbol
  symbol:   variable log
  location: class com.secureai.controller.AuthController
[ERROR] /Users/ashaik/Downloads/secure-ai-gateway/secure-ai-gateway/src/main/java/com/secureai/controller/AuthController.java:[69,80] cannot find symbol
  symbol:   method getUsername()
  location: variable request of type @jakarta.validation.Valid com.secureai.dto.LoginRequest
[ERROR] /Users/ashaik/Downloads/secure-ai-gateway/secure-ai-gateway/src/main/java/com/secureai/controller/AuthController.java:[74,57] cannot find symbol
  symbol:   method getUsername()
  location: variable request of type @jakarta.validation.Valid com.secureai.dto.LoginRequest
[ERROR] /Users/ashaik/Downloads/secure-ai-gateway/secure-ai-gateway/src/main/java/com/secureai/controller/AuthController.java:[76,51] cannot find symbol
  symbol:   method builder()
  location: class com.secureai.dto.LoginResponse
[ERROR] /Users/ashaik/Downloads/secure-ai-gateway/secure-ai-gateway/src/main/java/com/secureai/controller/AuthController.java:[82,13] cannot find symbol
  symbol:   variable log
  location: class com.secureai.controller.AuthController
[ERROR] /Users/ashaik/Downloads/secure-ai-gateway/secure-ai-gateway/src/main/java/com/secureai/controller/AuthController.java:[82,62] cannot find symbol
  symbol:   method getUsername()
  location: variable request of type @jakarta.validation.Valid com.secureai.dto.LoginRequest
[ERROR] /Users/ashaik/Downloads/secure-ai-gateway/secure-ai-gateway/src/main/java/com/secureai/controller/AuthController.java:[89,13] cannot find symbol
  symbol:   variable log
  location: class com.secureai.controller.AuthController
[ERROR] /Users/ashaik/Downloads/secure-ai-gateway/secure-ai-gateway/src/main/java/com/secureai/controller/AuthController.java:[116,13] cannot find symbol
  symbol:   variable log
  location: class com.secureai.controller.AuthController
[ERROR] /Users/ashaik/Downloads/secure-ai-gateway/secure-ai-gateway/src/main/java/com/secureai/controller/AskController.java:[64,9] cannot find symbol
  symbol:   variable log
  location: class com.secureai.controller.AskController
[ERROR] /Users/ashaik/Downloads/secure-ai-gateway/secure-ai-gateway/src/main/java/com/secureai/controller/AskController.java:[65,45] cannot find symbol
  symbol:   method getPrompt()
  location: variable request of type @jakarta.validation.Valid com.secureai.dto.AskRequest
[ERROR] /Users/ashaik/Downloads/secure-ai-gateway/secure-ai-gateway/src/main/java/com/secureai/controller/AskController.java:[70,17] cannot find symbol
  symbol:   variable log
  location: class com.secureai.controller.AskController
[ERROR] /Users/ashaik/Downloads/secure-ai-gateway/secure-ai-gateway/src/main/java/com/secureai/controller/AskController.java:[72,42] cannot find symbol
  symbol:   method builder()
  location: class com.secureai.dto.AskResponse
[ERROR] /Users/ashaik/Downloads/secure-ai-gateway/secure-ai-gateway/src/main/java/com/secureai/controller/AskController.java:[81,71] cannot find symbol
  symbol:   method getPrompt()
  location: variable request of type @jakarta.validation.Valid com.secureai.dto.AskRequest
[ERROR] /Users/ashaik/Downloads/secure-ai-gateway/secure-ai-gateway/src/main/java/com/secureai/controller/AskController.java:[88,17] cannot find symbol
  symbol:   variable log
  location: class com.secureai.controller.AskController
[ERROR] /Users/ashaik/Downloads/secure-ai-gateway/secure-ai-gateway/src/main/java/com/secureai/controller/AskController.java:[92,47] cannot find symbol
  symbol:   method builder()
  location: class com.secureai.dto.AskResponse
[ERROR] /Users/ashaik/Downloads/secure-ai-gateway/secure-ai-gateway/src/main/java/com/secureai/controller/AskController.java:[99,13] cannot find symbol
  symbol:   variable log
  location: class com.secureai.controller.AskController
[ERROR] /Users/ashaik/Downloads/secure-ai-gateway/secure-ai-gateway/src/main/java/com/secureai/controller/AskController.java:[103,13] cannot find symbol
  symbol:   variable log
  location: class com.secureai.controller.AskController
[ERROR] /Users/ashaik/Downloads/secure-ai-gateway/secure-ai-gateway/src/main/java/com/secureai/controller/AskController.java:[106,13] cannot find symbol
  symbol:   variable log
  location: class com.secureai.controller.AskController
[ERROR] /Users/ashaik/Downloads/secure-ai-gateway/secure-ai-gateway/src/main/java/com/secureai/controller/AskController.java:[146,9] cannot find symbol
  symbol:   variable log
  location: class com.secureai.controller.AskController
[ERROR] /Users/ashaik/Downloads/secure-ai-gateway/secure-ai-gateway/src/main/java/com/secureai/exception/GlobalExceptionHandler.java:[42,9] cannot find symbol
  symbol:   variable log
  location: class com.secureai.exception.GlobalExceptionHandler
[ERROR] /Users/ashaik/Downloads/secure-ai-gateway/secure-ai-gateway/src/main/java/com/secureai/exception/GlobalExceptionHandler.java:[44,52] cannot find symbol
  symbol:   method builder()
  location: class com.secureai.dto.ErrorResponse
[ERROR] /Users/ashaik/Downloads/secure-ai-gateway/secure-ai-gateway/src/main/java/com/secureai/exception/GlobalExceptionHandler.java:[60,9] cannot find symbol
  symbol:   variable log
  location: class com.secureai.exception.GlobalExceptionHandler
[ERROR] /Users/ashaik/Downloads/secure-ai-gateway/secure-ai-gateway/src/main/java/com/secureai/exception/GlobalExceptionHandler.java:[62,52] cannot find symbol
  symbol:   method builder()
  location: class com.secureai.dto.ErrorResponse
[ERROR] /Users/ashaik/Downloads/secure-ai-gateway/secure-ai-gateway/src/main/java/com/secureai/exception/GlobalExceptionHandler.java:[77,9] cannot find symbol
  symbol:   variable log
  location: class com.secureai.exception.GlobalExceptionHandler
[ERROR] /Users/ashaik/Downloads/secure-ai-gateway/secure-ai-gateway/src/main/java/com/secureai/exception/GlobalExceptionHandler.java:[79,52] cannot find symbol
  symbol:   method builder()
  location: class com.secureai.dto.ErrorResponse
[ERROR] /Users/ashaik/Downloads/secure-ai-gateway/secure-ai-gateway/src/main/java/com/secureai/exception/GlobalExceptionHandler.java:[94,9] cannot find symbol
  symbol:   variable log
  location: class com.secureai.exception.GlobalExceptionHandler
[ERROR] /Users/ashaik/Downloads/secure-ai-gateway/secure-ai-gateway/src/main/java/com/secureai/exception/GlobalExceptionHandler.java:[96,52] cannot find symbol
  symbol:   method builder()
  location: class com.secureai.dto.ErrorResponse
[ERROR] /Users/ashaik/Downloads/secure-ai-gateway/secure-ai-gateway/src/main/java/com/secureai/exception/GlobalExceptionHandler.java:[111,9] cannot find symbol
  symbol:   variable log
  location: class com.secureai.exception.GlobalExceptionHandler
[ERROR] /Users/ashaik/Downloads/secure-ai-gateway/secure-ai-gateway/src/main/java/com/secureai/exception/GlobalExceptionHandler.java:[113,52] cannot find symbol
  symbol:   method builder()
  location: class com.secureai.dto.ErrorResponse
[INFO] 64 errors
[INFO] -------------------------------------------------------------
[INFO] ------------------------------------------------------------------------
[INFO] BUILD FAILURE
[INFO] ------------------------------------------------------------------------
[INFO] Total time:  1.148 s
[INFO] Finished at: 2026-02-14T01:59:35Z
[INFO] ------------------------------------------------------------------------
[ERROR] Failed to execute goal org.apache.maven.plugins:maven-compiler-plugin:3.11.0:compile (default-compile) on project secure-ai-gateway: Compilation failure: Compilation failure:
[ERROR] /Users/ashaik/Downloads/secure-ai-gateway/secure-ai-gateway/src/main/java/com/secureai/exception/Exceptions.java:[6,8] class AuthenticationException is public, should be declared in a file named AuthenticationException.java
[ERROR] /Users/ashaik/Downloads/secure-ai-gateway/secure-ai-gateway/src/main/java/com/secureai/util/JwtUtil.java:[39,13] cannot find symbol
[ERROR]   symbol:   variable log
[ERROR]   location: class com.secureai.util.JwtUtil
[ERROR] /Users/ashaik/Downloads/secure-ai-gateway/secure-ai-gateway/src/main/java/com/secureai/util/JwtUtil.java:[44,9] cannot find symbol
[ERROR]   symbol:   variable log
[ERROR]   location: class com.secureai.util.JwtUtil
[ERROR] /Users/ashaik/Downloads/secure-ai-gateway/secure-ai-gateway/src/main/java/com/secureai/util/JwtUtil.java:[69,9] cannot find symbol
[ERROR]   symbol:   variable log
[ERROR]   location: class com.secureai.util.JwtUtil
[ERROR] /Users/ashaik/Downloads/secure-ai-gateway/secure-ai-gateway/src/main/java/com/secureai/util/JwtUtil.java:[90,13] cannot find symbol
[ERROR]   symbol:   variable log
[ERROR]   location: class com.secureai.util.JwtUtil
[ERROR] /Users/ashaik/Downloads/secure-ai-gateway/secure-ai-gateway/src/main/java/com/secureai/util/JwtUtil.java:[109,13] cannot find symbol
[ERROR]   symbol:   variable log
[ERROR]   location: class com.secureai.util.JwtUtil
[ERROR] /Users/ashaik/Downloads/secure-ai-gateway/secure-ai-gateway/src/main/java/com/secureai/util/JwtUtil.java:[112,13] cannot find symbol
[ERROR]   symbol:   variable log
[ERROR]   location: class com.secureai.util.JwtUtil
[ERROR] /Users/ashaik/Downloads/secure-ai-gateway/secure-ai-gateway/src/main/java/com/secureai/util/JwtUtil.java:[114,13] cannot find symbol
[ERROR]   symbol:   variable log
[ERROR]   location: class com.secureai.util.JwtUtil
[ERROR] /Users/ashaik/Downloads/secure-ai-gateway/secure-ai-gateway/src/main/java/com/secureai/util/JwtUtil.java:[116,13] cannot find symbol
[ERROR]   symbol:   variable log
[ERROR]   location: class com.secureai.util.JwtUtil
[ERROR] /Users/ashaik/Downloads/secure-ai-gateway/secure-ai-gateway/src/main/java/com/secureai/util/JwtUtil.java:[118,13] cannot find symbol
[ERROR]   symbol:   variable log
[ERROR]   location: class com.secureai.util.JwtUtil
[ERROR] /Users/ashaik/Downloads/secure-ai-gateway/secure-ai-gateway/src/main/java/com/secureai/util/JwtUtil.java:[120,13] cannot find symbol
[ERROR]   symbol:   variable log
[ERROR]   location: class com.secureai.util.JwtUtil
[ERROR] /Users/ashaik/Downloads/secure-ai-gateway/secure-ai-gateway/src/main/java/com/secureai/util/JwtUtil.java:[141,13] cannot find symbol
[ERROR]   symbol:   variable log
[ERROR]   location: class com.secureai.util.JwtUtil
[ERROR] /Users/ashaik/Downloads/secure-ai-gateway/secure-ai-gateway/src/main/java/com/secureai/service/OllamaService.java:[57,9] cannot find symbol
[ERROR]   symbol:   variable log
[ERROR]   location: class com.secureai.service.OllamaService
[ERROR] /Users/ashaik/Downloads/secure-ai-gateway/secure-ai-gateway/src/main/java/com/secureai/service/OllamaService.java:[71,17] cannot find symbol
[ERROR]   symbol:   variable log
[ERROR]   location: class com.secureai.service.OllamaService
[ERROR] /Users/ashaik/Downloads/secure-ai-gateway/secure-ai-gateway/src/main/java/com/secureai/service/OllamaService.java:[76,21] cannot find symbol
[ERROR]   symbol:   variable log
[ERROR]   location: class com.secureai.service.OllamaService
[ERROR] /Users/ashaik/Downloads/secure-ai-gateway/secure-ai-gateway/src/main/java/com/secureai/service/OllamaService.java:[82,17] cannot find symbol
[ERROR]   symbol:   variable log
[ERROR]   location: class com.secureai.service.OllamaService
[ERROR] /Users/ashaik/Downloads/secure-ai-gateway/secure-ai-gateway/src/main/java/com/secureai/service/OllamaService.java:[96,9] cannot find symbol
[ERROR]   symbol:   variable log
[ERROR]   location: class com.secureai.service.OllamaService
[ERROR] /Users/ashaik/Downloads/secure-ai-gateway/secure-ai-gateway/src/main/java/com/secureai/service/OllamaService.java:[118,13] cannot find symbol
[ERROR]   symbol:   variable log
[ERROR]   location: class com.secureai.service.OllamaService
[ERROR] /Users/ashaik/Downloads/secure-ai-gateway/secure-ai-gateway/src/main/java/com/secureai/service/OllamaService.java:[142,13] cannot find symbol
[ERROR]   symbol:   variable log
[ERROR]   location: class com.secureai.service.OllamaService
[ERROR] /Users/ashaik/Downloads/secure-ai-gateway/secure-ai-gateway/src/main/java/com/secureai/service/OllamaService.java:[146,13] cannot find symbol
[ERROR]   symbol:   variable log
[ERROR]   location: class com.secureai.service.OllamaService
[ERROR] /Users/ashaik/Downloads/secure-ai-gateway/secure-ai-gateway/src/main/java/com/secureai/service/OllamaService.java:[163,13] cannot find symbol
[ERROR]   symbol:   variable log
[ERROR]   location: class com.secureai.service.OllamaService
[ERROR] /Users/ashaik/Downloads/secure-ai-gateway/secure-ai-gateway/src/main/java/com/secureai/service/RateLimitService.java:[51,13] cannot find symbol
[ERROR]   symbol:   variable log
[ERROR]   location: class com.secureai.service.RateLimitService
[ERROR] /Users/ashaik/Downloads/secure-ai-gateway/secure-ai-gateway/src/main/java/com/secureai/service/RateLimitService.java:[53,13] cannot find symbol
[ERROR]   symbol:   variable log
[ERROR]   location: class com.secureai.service.RateLimitService
[ERROR] /Users/ashaik/Downloads/secure-ai-gateway/secure-ai-gateway/src/main/java/com/secureai/service/RateLimitService.java:[107,9] cannot find symbol
[ERROR]   symbol:   variable log
[ERROR]   location: class com.secureai.service.RateLimitService
[ERROR] /Users/ashaik/Downloads/secure-ai-gateway/secure-ai-gateway/src/main/java/com/secureai/config/SecurityConfig.java:[75,63] incompatible types: java.lang.String cannot be converted to org.springframework.security.web.header.writers.XXssProtectionHeaderWriter.HeaderValue
[ERROR] /Users/ashaik/Downloads/secure-ai-gateway/secure-ai-gateway/src/main/java/com/secureai/filter/JwtAuthenticationFilter.java:[58,21] cannot find symbol
[ERROR]   symbol:   variable log
[ERROR]   location: class com.secureai.filter.JwtAuthenticationFilter
[ERROR] /Users/ashaik/Downloads/secure-ai-gateway/secure-ai-gateway/src/main/java/com/secureai/filter/JwtAuthenticationFilter.java:[62,13] cannot find symbol
[ERROR]   symbol:   variable log
[ERROR]   location: class com.secureai.filter.JwtAuthenticationFilter
[ERROR] /Users/ashaik/Downloads/secure-ai-gateway/secure-ai-gateway/src/main/java/com/secureai/service/PiiRedactionService.java:[95,13] cannot find symbol
[ERROR]   symbol:   variable log
[ERROR]   location: class com.secureai.service.PiiRedactionService
[ERROR] /Users/ashaik/Downloads/secure-ai-gateway/secure-ai-gateway/src/main/java/com/secureai/service/PiiRedactionService.java:[119,13] cannot find symbol
[ERROR]   symbol:   variable log
[ERROR]   location: class com.secureai.service.PiiRedactionService
[ERROR] /Users/ashaik/Downloads/secure-ai-gateway/secure-ai-gateway/src/main/java/com/secureai/controller/AuthController.java:[56,9] cannot find symbol
[ERROR]   symbol:   variable log
[ERROR]   location: class com.secureai.controller.AuthController
[ERROR] /Users/ashaik/Downloads/secure-ai-gateway/secure-ai-gateway/src/main/java/com/secureai/controller/AuthController.java:[56,55] cannot find symbol
[ERROR]   symbol:   method getUsername()
[ERROR]   location: variable request of type @jakarta.validation.Valid com.secureai.dto.LoginRequest
[ERROR] /Users/ashaik/Downloads/secure-ai-gateway/secure-ai-gateway/src/main/java/com/secureai/controller/AuthController.java:[61,46] cannot find symbol
[ERROR]   symbol:   method getUsername()
[ERROR]   location: variable request of type @jakarta.validation.Valid com.secureai.dto.LoginRequest
[ERROR] /Users/ashaik/Downloads/secure-ai-gateway/secure-ai-gateway/src/main/java/com/secureai/controller/AuthController.java:[62,17] cannot find symbol
[ERROR]   symbol:   variable log
[ERROR]   location: class com.secureai.controller.AuthController
[ERROR] /Users/ashaik/Downloads/secure-ai-gateway/secure-ai-gateway/src/main/java/com/secureai/controller/AuthController.java:[62,71] cannot find symbol
[ERROR]   symbol:   method getUsername()
[ERROR]   location: variable request of type @jakarta.validation.Valid com.secureai.dto.LoginRequest
[ERROR] /Users/ashaik/Downloads/secure-ai-gateway/secure-ai-gateway/src/main/java/com/secureai/controller/AuthController.java:[68,46] cannot find symbol
[ERROR]   symbol:   method getPassword()
[ERROR]   location: variable request of type @jakarta.validation.Valid com.secureai.dto.LoginRequest
[ERROR] /Users/ashaik/Downloads/secure-ai-gateway/secure-ai-gateway/src/main/java/com/secureai/controller/AuthController.java:[69,17] cannot find symbol
[ERROR]   symbol:   variable log
[ERROR]   location: class com.secureai.controller.AuthController
[ERROR] /Users/ashaik/Downloads/secure-ai-gateway/secure-ai-gateway/src/main/java/com/secureai/controller/AuthController.java:[69,80] cannot find symbol
[ERROR]   symbol:   method getUsername()
[ERROR]   location: variable request of type @jakarta.validation.Valid com.secureai.dto.LoginRequest
[ERROR] /Users/ashaik/Downloads/secure-ai-gateway/secure-ai-gateway/src/main/java/com/secureai/controller/AuthController.java:[74,57] cannot find symbol
[ERROR]   symbol:   method getUsername()
[ERROR]   location: variable request of type @jakarta.validation.Valid com.secureai.dto.LoginRequest
[ERROR] /Users/ashaik/Downloads/secure-ai-gateway/secure-ai-gateway/src/main/java/com/secureai/controller/AuthController.java:[76,51] cannot find symbol
[ERROR]   symbol:   method builder()
[ERROR]   location: class com.secureai.dto.LoginResponse
[ERROR] /Users/ashaik/Downloads/secure-ai-gateway/secure-ai-gateway/src/main/java/com/secureai/controller/AuthController.java:[82,13] cannot find symbol
[ERROR]   symbol:   variable log
[ERROR]   location: class com.secureai.controller.AuthController
[ERROR] /Users/ashaik/Downloads/secure-ai-gateway/secure-ai-gateway/src/main/java/com/secureai/controller/AuthController.java:[82,62] cannot find symbol
[ERROR]   symbol:   method getUsername()
[ERROR]   location: variable request of type @jakarta.validation.Valid com.secureai.dto.LoginRequest
[ERROR] /Users/ashaik/Downloads/secure-ai-gateway/secure-ai-gateway/src/main/java/com/secureai/controller/AuthController.java:[89,13] cannot find symbol
[ERROR]   symbol:   variable log
[ERROR]   location: class com.secureai.controller.AuthController
[ERROR] /Users/ashaik/Downloads/secure-ai-gateway/secure-ai-gateway/src/main/java/com/secureai/controller/AuthController.java:[116,13] cannot find symbol
[ERROR]   symbol:   variable log
[ERROR]   location: class com.secureai.controller.AuthController
[ERROR] /Users/ashaik/Downloads/secure-ai-gateway/secure-ai-gateway/src/main/java/com/secureai/controller/AskController.java:[64,9] cannot find symbol
[ERROR]   symbol:   variable log
[ERROR]   location: class com.secureai.controller.AskController
[ERROR] /Users/ashaik/Downloads/secure-ai-gateway/secure-ai-gateway/src/main/java/com/secureai/controller/AskController.java:[65,45] cannot find symbol
[ERROR]   symbol:   method getPrompt()
[ERROR]   location: variable request of type @jakarta.validation.Valid com.secureai.dto.AskRequest
[ERROR] /Users/ashaik/Downloads/secure-ai-gateway/secure-ai-gateway/src/main/java/com/secureai/controller/AskController.java:[70,17] cannot find symbol
[ERROR]   symbol:   variable log
[ERROR]   location: class com.secureai.controller.AskController
[ERROR] /Users/ashaik/Downloads/secure-ai-gateway/secure-ai-gateway/src/main/java/com/secureai/controller/AskController.java:[72,42] cannot find symbol
[ERROR]   symbol:   method builder()
[ERROR]   location: class com.secureai.dto.AskResponse
[ERROR] /Users/ashaik/Downloads/secure-ai-gateway/secure-ai-gateway/src/main/java/com/secureai/controller/AskController.java:[81,71] cannot find symbol
[ERROR]   symbol:   method getPrompt()
[ERROR]   location: variable request of type @jakarta.validation.Valid com.secureai.dto.AskRequest
[ERROR] /Users/ashaik/Downloads/secure-ai-gateway/secure-ai-gateway/src/main/java/com/secureai/controller/AskController.java:[88,17] cannot find symbol
[ERROR]   symbol:   variable log
[ERROR]   location: class com.secureai.controller.AskController
[ERROR] /Users/ashaik/Downloads/secure-ai-gateway/secure-ai-gateway/src/main/java/com/secureai/controller/AskController.java:[92,47] cannot find symbol
[ERROR]   symbol:   method builder()
[ERROR]   location: class com.secureai.dto.AskResponse
[ERROR] /Users/ashaik/Downloads/secure-ai-gateway/secure-ai-gateway/src/main/java/com/secureai/controller/AskController.java:[99,13] cannot find symbol
[ERROR]   symbol:   variable log
[ERROR]   location: class com.secureai.controller.AskController
[ERROR] /Users/ashaik/Downloads/secure-ai-gateway/secure-ai-gateway/src/main/java/com/secureai/controller/AskController.java:[103,13] cannot find symbol
[ERROR]   symbol:   variable log
[ERROR]   location: class com.secureai.controller.AskController
[ERROR] /Users/ashaik/Downloads/secure-ai-gateway/secure-ai-gateway/src/main/java/com/secureai/controller/AskController.java:[106,13] cannot find symbol
[ERROR]   symbol:   variable log
[ERROR]   location: class com.secureai.controller.AskController
[ERROR] /Users/ashaik/Downloads/secure-ai-gateway/secure-ai-gateway/src/main/java/com/secureai/controller/AskController.java:[146,9] cannot find symbol
[ERROR]   symbol:   variable log
[ERROR]   location: class com.secureai.controller.AskController
[ERROR] /Users/ashaik/Downloads/secure-ai-gateway/secure-ai-gateway/src/main/java/com/secureai/exception/GlobalExceptionHandler.java:[42,9] cannot find symbol
[ERROR]   symbol:   variable log
[ERROR]   location: class com.secureai.exception.GlobalExceptionHandler
[ERROR] /Users/ashaik/Downloads/secure-ai-gateway/secure-ai-gateway/src/main/java/com/secureai/exception/GlobalExceptionHandler.java:[44,52] cannot find symbol
[ERROR]   symbol:   method builder()
[ERROR]   location: class com.secureai.dto.ErrorResponse
[ERROR] /Users/ashaik/Downloads/secure-ai-gateway/secure-ai-gateway/src/main/java/com/secureai/exception/GlobalExceptionHandler.java:[60,9] cannot find symbol
[ERROR]   symbol:   variable log
[ERROR]   location: class com.secureai.exception.GlobalExceptionHandler
[ERROR] /Users/ashaik/Downloads/secure-ai-gateway/secure-ai-gateway/src/main/java/com/secureai/exception/GlobalExceptionHandler.java:[62,52] cannot find symbol
[ERROR]   symbol:   method builder()
[ERROR]   location: class com.secureai.dto.ErrorResponse
[ERROR] /Users/ashaik/Downloads/secure-ai-gateway/secure-ai-gateway/src/main/java/com/secureai/exception/GlobalExceptionHandler.java:[77,9] cannot find symbol
[ERROR]   symbol:   variable log
[ERROR]   location: class com.secureai.exception.GlobalExceptionHandler
[ERROR] /Users/ashaik/Downloads/secure-ai-gateway/secure-ai-gateway/src/main/java/com/secureai/exception/GlobalExceptionHandler.java:[79,52] cannot find symbol
[ERROR]   symbol:   method builder()
[ERROR]   location: class com.secureai.dto.ErrorResponse
[ERROR] /Users/ashaik/Downloads/secure-ai-gateway/secure-ai-gateway/src/main/java/com/secureai/exception/GlobalExceptionHandler.java:[94,9] cannot find symbol
[ERROR]   symbol:   variable log
[ERROR]   location: class com.secureai.exception.GlobalExceptionHandler
[ERROR] /Users/ashaik/Downloads/secure-ai-gateway/secure-ai-gateway/src/main/java/com/secureai/exception/GlobalExceptionHandler.java:[96,52] cannot find symbol
[ERROR]   symbol:   method builder()
[ERROR]   location: class com.secureai.dto.ErrorResponse
[ERROR] /Users/ashaik/Downloads/secure-ai-gateway/secure-ai-gateway/src/main/java/com/secureai/exception/GlobalExceptionHandler.java:[111,9] cannot find symbol
[ERROR]   symbol:   variable log
[ERROR]   location: class com.secureai.exception.GlobalExceptionHandler
[ERROR] /Users/ashaik/Downloads/secure-ai-gateway/secure-ai-gateway/src/main/java/com/secureai/exception/GlobalExceptionHandler.java:[113,52] cannot find symbol
[ERROR]   symbol:   method builder()
[ERROR]   location: class com.secureai.dto.ErrorResponse
[ERROR] -> [Help 1]
org.apache.maven.lifecycle.LifecycleExecutionException: Failed to execute goal org.apache.maven.plugins:maven-compiler-plugin:3.11.0:compile (default-compile) on project secure-ai-gateway: Compilation failure
    at org.apache.maven.lifecycle.internal.MojoExecutor.doExecute2 (MojoExecutor.java:333)
    at org.apache.maven.lifecycle.internal.MojoExecutor.doExecute (MojoExecutor.java:316)
    at org.apache.maven.lifecycle.internal.MojoExecutor.execute (MojoExecutor.java:212)
    at org.apache.maven.lifecycle.internal.MojoExecutor.execute (MojoExecutor.java:174)
    at org.apache.maven.lifecycle.internal.MojoExecutor.access$000 (MojoExecutor.java:75)
    at org.apache.maven.lifecycle.internal.MojoExecutor$1.run (MojoExecutor.java:162)
    at org.apache.maven.plugin.DefaultMojosExecutionStrategy.execute (DefaultMojosExecutionStrategy.java:39)
    at org.apache.maven.lifecycle.internal.MojoExecutor.execute (MojoExecutor.java:159)
    at org.apache.maven.lifecycle.internal.LifecycleModuleBuilder.buildProject (LifecycleModuleBuilder.java:105)
    at org.apache.maven.lifecycle.internal.LifecycleModuleBuilder.buildProject (LifecycleModuleBuilder.java:73)
    at org.apache.maven.lifecycle.internal.builder.singlethreaded.SingleThreadedBuilder.build (SingleThreadedBuilder.java:53)
    at org.apache.maven.lifecycle.internal.LifecycleStarter.execute (LifecycleStarter.java:118)
    at org.apache.maven.DefaultMaven.doExecute (DefaultMaven.java:261)
    at org.apache.maven.DefaultMaven.doExecute (DefaultMaven.java:173)
    at org.apache.maven.DefaultMaven.execute (DefaultMaven.java:101)
    at org.apache.maven.cli.MavenCli.execute (MavenCli.java:919)
    at org.apache.maven.cli.MavenCli.doMain (MavenCli.java:285)
    at org.apache.maven.cli.MavenCli.main (MavenCli.java:207)
    at jdk.internal.reflect.NativeMethodAccessorImpl.invoke0 (Native Method)
    at jdk.internal.reflect.NativeMethodAccessorImpl.invoke (NativeMethodAccessorImpl.java:77)
    at jdk.internal.reflect.DelegatingMethodAccessorImpl.invoke (DelegatingMethodAccessorImpl.java:43)
    at java.lang.reflect.Method.invoke (Method.java:569)
    at org.codehaus.plexus.classworlds.launcher.Launcher.launchEnhanced (Launcher.java:255)
    at org.codehaus.plexus.classworlds.launcher.Launcher.launch (Launcher.java:201)
    at org.codehaus.plexus.classworlds.launcher.Launcher.mainWithExitCode (Launcher.java:361)
    at org.codehaus.plexus.classworlds.launcher.Launcher.main (Launcher.java:314)
Caused by: org.apache.maven.plugin.compiler.CompilationFailureException: Compilation failure
    at org.apache.maven.plugin.compiler.AbstractCompilerMojo.execute (AbstractCompilerMojo.java:1212)
    at org.apache.maven.plugin.compiler.CompilerMojo.execute (CompilerMojo.java:193)
    at org.apache.maven.plugin.DefaultBuildPluginManager.executeMojo (DefaultBuildPluginManager.java:126)
    at org.apache.maven.lifecycle.internal.MojoExecutor.doExecute2 (MojoExecutor.java:328)
    at org.apache.maven.lifecycle.internal.MojoExecutor.doExecute (MojoExecutor.java:316)
    at org.apache.maven.lifecycle.internal.MojoExecutor.execute (MojoExecutor.java:212)
    at org.apache.maven.lifecycle.internal.MojoExecutor.execute (MojoExecutor.java:174)
    at org.apache.maven.lifecycle.internal.MojoExecutor.access$000 (MojoExecutor.java:75)
    at org.apache.maven.lifecycle.internal.MojoExecutor$1.run (MojoExecutor.java:162)
    at org.apache.maven.plugin.DefaultMojosExecutionStrategy.execute (DefaultMojosExecutionStrategy.java:39)
    at org.apache.maven.lifecycle.internal.MojoExecutor.execute (MojoExecutor.java:159)
    at org.apache.maven.lifecycle.internal.LifecycleModuleBuilder.buildProject (LifecycleModuleBuilder.java:105)
    at org.apache.maven.lifecycle.internal.LifecycleModuleBuilder.buildProject (LifecycleModuleBuilder.java:73)
    at org.apache.maven.lifecycle.internal.builder.singlethreaded.SingleThreadedBuilder.build (SingleThreadedBuilder.java:53)
    at org.apache.maven.lifecycle.internal.LifecycleStarter.execute (LifecycleStarter.java:118)
    at org.apache.maven.DefaultMaven.doExecute (DefaultMaven.java:261)
    at org.apache.maven.DefaultMaven.doExecute (DefaultMaven.java:173)
    at org.apache.maven.DefaultMaven.execute (DefaultMaven.java:101)
    at org.apache.maven.cli.MavenCli.execute (MavenCli.java:919)
    at org.apache.maven.cli.MavenCli.doMain (MavenCli.java:285)
    at org.apache.maven.cli.MavenCli.main (MavenCli.java:207)
    at jdk.internal.reflect.NativeMethodAccessorImpl.invoke0 (Native Method)
    at jdk.internal.reflect.NativeMethodAccessorImpl.invoke (NativeMethodAccessorImpl.java:77)
    at jdk.internal.reflect.DelegatingMethodAccessorImpl.invoke (DelegatingMethodAccessorImpl.java:43)
    at java.lang.reflect.Method.invoke (Method.java:569)
    at org.codehaus.plexus.classworlds.launcher.Launcher.launchEnhanced (Launcher.java:255)
    at org.codehaus.plexus.classworlds.launcher.Launcher.launch (Launcher.java:201)
    at org.codehaus.plexus.classworlds.launcher.Launcher.mainWithExitCode (Launcher.java:361)
    at org.codehaus.plexus.classworlds.launcher.Launcher.main (Launcher.java:314)
[ERROR]
[ERROR]
[ERROR] For more information about the errors and possible solutions, please read the following articles:
[ERROR] [Help 1] http://cwiki.apache.org/confluence/display/MAVEN/MojoFailureException
[DEBUG] Shutting down adapter factory; available factories [file-lock, rwlock-local, semaphore-local, noop]; available name mappers [discriminating, file-gaecv, file-gav, file-hgaecv, file-hgav, file-static, gaecv, gav, static]
[DEBUG] Shutting down 'file-lock' factory
[DEBUG] Shutting down 'rwlock-local' factory
[DEBUG] Shutting down 'semaphore-local' factory
[DEBUG] Shutting down 'noop' factory
